471.325962
1071.344970
385.817411
516.680190
760.125322
875.857024
695.697906
913.492423
669.851765
621.341717
799.807716
45.895115
936.871612
1304.052627
1084.811489
1449.607448
1988.202239
1363.595025
1667.612932
1964.458075
2559.155257
2580.405559
2558.182087
2875.018954
2091.948084
1490.153055
1873.058040
2304.461332
2630.194181
3406.540207
3111.838771
2263.778223
2152.046344
2412.590867
2108.246812
2687.360643
1594.457372
2835.371600
3426.525931
3421.178547
2646.023660
1705.588987
2300.848716
1905.571478
1583.766736
1472.816969
1330.730445
1649.228882
1784.716802
1447.166605
1434.343495
2669.909016
2591.402041
2350.914868
2103.719867
2780.317075
2634.526883
2903.569173
2866.585678
1829.592552
2369.933385
2268.603494
1257.480319
1084.143354
1489.689965
1429.092490
1523.501559
918.930558
1600.197245
990.746911
1326.288474
1105.931895
1131.878546
1040.510850
1136.692781
1690.010123
1874.246424
1660.122217
1957.357387
1434.151859
1616.150045
1840.295667
2211.456339
1758.126474
2384.133430
1613.984010
1648.871771
1752.977438
1621.038621
1115.695255
990.209525
856.885755
1602.791899
1044.975995
1262.296384
1170.467587
1359.707131
1285.374764
1460.923161
1363.190263
1730.357576
1242.036455
1030.304773
1328.942845
1343.245735
999.137265
1079.859846
1015.886403
498.246745
626.444307
967.110609
638.895025
1147.178598
301.683306
868.545322
966.814260
238.514900
640.450882
356.228238
379.711808
448.330122
-3.733508
588.337716
323.038220
339.813637
442.053439
656.515174
152.544406
760.521784
-163.303591
170.012913
408.773653
854.306885
207.430900
200.884784
-87.862176
690.488281
194.511741
652.253772
-455.331057
-304.785356
-970.750916
-285.823398
803.688540
1228.351524
1750.495419
1408.189337
1407.192515
408.055852
1228.809398
1259.739237
-613.195954
185.658973
-129.633852
606.544320
-129.509971
1157.135566
1201.779539
1627.184169
734.980742
-6.411568
218.020675
64.978130
-467.920655
362.691490
-569.758079
-617.461287
-537.439072
-620.393684
-413.957320
-69.250251
-737.797709
-1230.681377
-828.275486
-183.703972
550.342103
-1107.252807
-501.374427
-327.065343
394.791091
-93.874846
-504.653020
-543.895465
-264.315089
-545.248431
-829.025399
648.750116
-528.999731
-679.548460
-1304.245798
-1186.105755
-1102.768756
-1586.301180
-1919.210537
-1782.012065
-1757.371283
-1372.923348
-1071.306014
-1101.034196
-638.451144
115.220428
117.358877
-1190.948604
-996.067661
-992.356070
-509.657661
-139.118036
-194.834518
-125.956855
-315.175265
-212.783529
5.310418
129.597994
27.998282
-491.601772
-486.325269
-591.232273
-382.500108
-426.126472
-1018.417327
-825.945685
-658.017124
-470.667534
-179.515279
1368.847730
733.609504
1461.604958
123.414067
1314.835393
1588.432698
2388.387866
