-1384.625263
-188.765381
344.050408
944.507215
876.763791
1065.468744
883.782445
854.793659
1028.933577
717.878236
471.955449
723.597112
592.155147
874.221933
827.558926
791.682593
791.164992
829.150657
816.006751
816.885815
881.120724
617.632321
966.355402
1076.444892
759.931975
622.849782
919.169838
822.953020
758.678387
861.691144
545.381379
709.303600
700.760516
616.675670
693.426975
630.064738
642.965742
755.412182
637.031990
754.940428
693.364373
668.942652
718.384740
743.856012
784.056931
951.976412
1030.299773
914.435681
791.861114
997.166740
1086.557136
919.983922
932.038401
836.682726
803.001218
1124.448058
1064.473635
958.168964
1114.201677
1051.539739
1086.274528
1023.011102
927.763637
918.411768
1090.683218
1165.142146
985.189710
1152.338171
1015.615873
877.142385
1185.402632
1109.928136
1138.561500
707.479051
803.992481
681.606588
544.624311
686.567249
628.299195
594.661275
562.172366
438.988175
471.439062
365.276046
447.849747
336.887071
357.105368
264.542082
333.268248
391.182931
391.553917
419.175834
574.328531
233.437767
498.774246
730.534865
485.762773
587.459946
587.707425
648.505398
845.453246
553.152828
711.857254
874.212829
892.308076
866.386622
680.316727
882.585922
-111.652843
585.943845
-372.965438
718.127368
-661.760324
565.119285
-38.617597
-601.696979
-408.374211
-1393.413840
435.422325
-633.293610
-401.696531
-836.652586
-323.415954
-476.799222
-579.845572
-384.528215
-693.177519
-949.530751
-793.308232
-1006.969886
-792.263340
-680.067232
-808.818805
-1129.536525
-949.349663
-993.266803
-931.721625
-1045.146350
-1133.479639
-1021.324864
-1049.383112
-969.733567
-1157.294808
-1188.377673
-929.192930
-1063.536663
-1242.697102
-1099.802221
-1097.350624
-1108.016051
-1227.003785
-1098.979428
-1165.154772
-1078.141565
-1329.360405
-938.673029
-1044.059228
-1027.547439
-1020.580723
-1094.813185
-1019.973244
-1201.368644
-1018.593186
-1111.249740
-1061.383155
-961.889326
-1067.063983
-1218.743295
-1148.041576
-1003.226327
-1132.518303
-995.944172
-1149.355230
-914.452789
-1023.720277
-1030.878867
-948.658118
-1034.118170
-988.439650
-1310.890062
-699.889510
-1271.725731
-1070.248998
-1017.224137
-994.712000
-916.245292
-999.900432
-986.913586
-779.950540
-841.183630
-528.885485
-533.148360
-350.475596
-755.667867
-368.249187
-551.920357
-622.528997
-476.438021
-129.493167
-343.978818
-247.832600
-733.037729
-111.823118
-76.318036
-391.928427
-21.093566
-259.473141
-352.052396
-194.017900
-216.095753
-562.875456
-181.102893
-23.620848
-217.190565
163.943468
134.607313
163.736137
-155.165271
378.717867
280.347750
-129.518898
229.178195
-57.490384
-14.949328
-347.457676
-165.289313
-106.174715
-249.557453
-68.146206
157.232878
-251.545963
-220.328259
-209.608220
-218.418017
-457.737019
-198.879342
-320.744089
-144.434532
-165.200850
-164.871998
-449.311271
-371.634517
-363.633789
-284.738964
-278.787428
-279.468122
-387.120816
-815.164161
-782.717926
-926.287330
-263.230667
-459.247864
-1511.837211
-1456.901312
-1407.993640
-1685.225396
-1804.226795
-1716.210551
-751.795503
-1766.194621
-1819.774686
-673.828826
-1770.699377
-1444.173130
-1554.837821
-1356.482511
-1177.079376
-1317.487884
-1462.868711
-1334.076643
-1485.550914
-1885.561572
-1642.179528
-411.518942
-1571.664312
-1237.561977
-1667.476722
-1643.137886
-1770.339980
-560.015238
-1579.934315
-1407.532192
-1049.846057
-234.307292
-992.509119
-1322.704556
-883.073244
-457.101309
-1617.860736
-1706.846863
-1110.176576
-1153.944146
-1493.513068
-1589.856791
-1718.019887
-330.200152
-1730.781307
-1677.065669
-1586.181653
-1389.955549
-1363.325665
-1693.357042
-1544.278829
-1461.234128
-1609.350949
-1453.017857
-1513.583487
-1153.038090
-1585.800832
-1756.545301
-1690.253782
-1628.795779
-1443.110296
-1665.313177
-1631.931663
-1639.394881
-1736.668672
-1485.217529
-1477.545883
-1460.162213
-1699.160237
-1578.355750
-1475.294644
-1446.092599
-1403.479023
-646.287581
-1483.800461
-1403.457550
-1647.341355
-1525.835692
-1494.734312
-1584.409463
-1105.609648
-1601.098175
-816.886888
-1459.226453
-1518.773349
-1554.620124
-1608.776343
-1659.246688
-1547.618590
-1279.994385
-1871.701485
-1770.021484
-1781.049683
-1943.516077
-1899.535350
-1327.922979
-1795.142660
-1921.288072
-1853.335559
-1707.509543
-1506.041818
-1843.228394
-1453.956375
-1515.641679
-1291.764547
-1512.960790
-1450.683082
-1460.111379
-1476.300576
-1353.850401
-1492.998807
-1401.410833
-1574.672850
-489.406167
-819.933282
-985.425830
-1176.909432
-1185.689082
-1103.236019
-254.244692
-116.410709
-565.741054
627.328987
-155.229312
579.030751
-278.224607
366.688500
593.191782
1049.751206
567.685135
535.723401
987.856847
1502.184302
2188.069759
1481.896376
1783.673645
1537.962592
1137.686701
1492.323701
1942.722938
2122.878347
2255.738674
2144.633782
1976.347003
2129.064885
1762.057829
1484.036274
2654.287306
2372.257078
1963.435976
2077.767420
2233.457840
1852.356824
1502.835033
2167.284614
2088.988411
2311.228823
2155.755352
2001.100801
2313.161516
2262.330243
2301.728444
1955.159718
2175.780676
2445.111577
2264.394715
2051.245159
2359.777855
2189.749141
2217.927964
2070.519739
2534.464348
1981.580249
1975.948351
1918.514824
2249.034401
2116.313391
1908.935304
1981.424061
2145.042254
2452.970331
1752.226473
2161.871132
1916.646175
1940.255367
1871.996375
2238.957371
1853.463620
2208.201306
2077.056209
2005.162185
1749.026218
1661.307081
1245.052355
1632.113262
-717.321892
833.301277
-615.820300
-1418.430500
-991.588880
-394.400406
-1124.537380
-1331.910936
-821.343314
-1414.324217
-1014.968707
-1487.090041
-543.928808
-1143.051110
-1564.540031
-1407.807458
-1699.589553
-1344.789366
-1891.442857
-1341.532755
-1706.744678
-1546.844234
-1602.366004
-1901.703015
-704.827083
-1827.379251
-1807.150414
-1584.558363
-1802.892603
-1741.408721
-2392.961965
-2389.321677
-2086.950283
-1990.366209
-2492.432773
-2383.552287
-2282.942925
-2350.028222
-1966.676171
-2292.665108
-2069.338465
-2324.394365
-2299.593127
-1844.847846
-2332.968073
-2150.528955
-2271.547266
-2166.172603
-1918.216805
-2222.803191
-2155.571704
-1954.793373
-2072.038879
-2089.242747
-2082.867626
-2043.709550
-2147.324023
-2408.536827
-1970.957372
-2377.927912
-1780.544835
-2502.808096
-1898.378113
-1830.702030
-2073.506889
-2005.422763
-1977.872780
-1745.993086
-1974.355239
-1838.950798
-2015.454001
-1916.893732
-2127.797075
-1921.952409
-1858.121396
-1826.236748
-2182.529104
-2106.565509
-2162.367890
-2205.604460
-2090.894313
-2116.327772
-2227.660869
-2207.604522
-2169.062913
-2183.501753
-2132.993992
-2221.535420
-1948.209024
-2137.938961
-2380.658145
-2148.883105
-1941.211263
-2187.394546
-2070.585805
-2059.965645
-2132.338004
-1963.527793
-2239.046019
-2159.633612
-2242.602747
-2160.928777
-1911.432471
-2063.983930
-2100.095363
-2036.697311
-2013.272618
-2034.102193
-1967.698173
-1972.619149
-2034.396375
-2014.352789
-2043.041226
-2042.685659
-1909.561383
-1851.751451
-1807.488138
-1625.548265
-1976.821410
-1975.653900
-1933.175844
-1807.240034
-1672.700633
-1858.875902
-1775.525552
-1793.410186
-1695.167456
-2046.076724
-1958.565063
-1967.367745
-1721.724964
-2093.641145
-1883.651758
-2194.604148
-1944.825397
-1952.919200
-1874.109732
-1912.108966
-2224.980505
-2245.213038
-1974.691253
-1863.290554
-2146.212518
-2072.086342
-2261.308615
-2354.547548
-2379.332440
-2331.256769
-2387.718666
-2400.797999
-2614.596686
-2377.903582
-2257.741073
-2358.899743
-2268.869122
-2341.310222
-2396.192469
-2154.663345
-2437.869004
-2446.618763
-2060.496042
-2317.834351
-2294.232425
-2309.658229
-2142.259012
-2307.163946
-2273.008126
-2261.159287
-2330.373631
-2388.780432
-2298.255444
-2213.075845
-2371.391579
-2480.812520
-2240.283613
-2000.081330
-2107.380899
-1800.726474
-1587.890635
-1986.114802
-1699.107082
-1687.289096
-1681.053480
-1636.523621
-1475.449373
-1687.883923
-1795.973041
-1577.532031
-1682.617739
-1568.700672
-1536.079242
-1717.138145
-1552.683352
-1507.248934
-1367.793799
-1728.215508
-1473.201880
-1672.472003
-1716.196131
-1641.346518
-1462.372887
-1569.431394
-1619.163095
-1523.293484
-1557.336916
-1376.098035
-1633.428192
-1346.941420
-1555.591833
-1705.413964
-1601.805996
-1279.923656
-1716.358094
-1407.532278
-1149.473476
-1418.513922
-1266.662479
-1199.468779
-1551.176544
-1566.063669
-1619.829578
-1418.341204
-1578.829074
-1515.362728
-1781.434650
-1608.785435
-1703.952709
-1689.990041
-1649.368240
-1925.236898
-1741.825190
-1924.848164
-1974.034407
-1962.211041
-1587.217102
-1854.042813
-1649.395187
-1912.430482
-1705.240488
-1869.101863
-1871.905429
-1694.490226
-1897.526461
-1197.310525
-1617.655450
-1812.905218
-1919.779138
-1934.791823
-1883.535809
-1742.132523
-1774.895154
-1952.120664
-1785.119161
-1767.211794
-2134.599009
-1939.688703
-2004.062311
-1882.557881
-1760.611148
-2107.516539
-1928.122259
