9972.463482
10014.390284
10030.667519
10033.614384
10013.077910
10005.168218
10013.258528
10038.922922
10058.348972
10042.801605
10043.172929
10040.350779
10001.531092
9997.523666
9966.735010
9967.559589
9980.733697
9964.934380
9976.710060
10012.541653
10046.336809
10042.813234
10046.657962
10056.267349
10007.043120
10169.162896
10207.381774
10219.015812
10235.635531
10241.106150
10239.644837
10247.901074
10253.587205
10242.542257
10254.199647
10244.202602
10241.039580
10239.997459
10228.918619
10212.796654
10213.852450
10208.777833
10192.522209
10193.732982
10210.389464
10208.566153
10221.295530
10211.106069
10212.912056
10231.836200
10254.178118
10232.748507
10205.924534
10274.334457
10321.615433
10344.312385
10340.407079
10369.145647
10340.422870
10368.158910
10384.504279
10395.951257
10393.303072
10397.551895
10391.413942
10367.696775
10363.373806
10355.833609
10341.095012
10348.543942
10343.777518
10341.743977
10327.455528
10334.880245
10300.379889
10297.623600
10302.439158
10280.360831
10451.842016
10441.759152
10472.601468
10482.854959
10489.352099
10508.148825
10492.532621
10492.225006
10489.831515
10490.464029
10476.782676
10455.956926
10491.955608
10502.293752
10517.620701
10500.002854
10524.747655
10522.627440
10521.032832
10512.122935
10523.261794
10517.672305
10500.819045
10501.164966
10475.682708
10489.049908
10478.645528
10451.529913
10480.715459
10484.199339
10486.683771
10471.497365
10469.356756
10453.610043
10466.620562
10466.866219
10454.195437
10444.189216
10447.187320
10442.871260
10445.477236
10455.509475
10449.723542
10444.981219
10444.602590
10459.486601
10437.933569
10434.894876
10429.907023
10437.566034
10468.801543
10468.908269
11085.682013
11026.967676
11001.224455
10989.418245
10980.478692
10971.173951
10937.995388
10959.980257
11014.390244
11023.296823
11051.107631
11085.337633
11101.345696
11086.959289
11110.747524
11114.797818
11087.539505
11093.799590
11102.579137
11084.158749
11073.708312
11082.092988
11089.810089
11061.296183
11055.963342
10947.967164
10892.787928
10960.830948
11009.904647
10987.427799
10903.498717
10906.052713
10974.580632
10976.255320
10974.278627
11000.894736
11023.001748
11040.877256
11022.993052
11043.421657
11038.284364
11000.356926
11013.397159
11033.160002
11023.416639
11033.631014
11035.543274
11043.472836
11038.621690
11049.830944
11029.104353
11011.398691
11001.431212
10987.021693
10977.773283
10978.857693
11012.011350
10993.160587
11010.365636
11036.839423
11047.612593
11023.283807
11026.801567
11014.707225
11024.643884
11051.599217
11042.194636
11046.963727
11041.741228
11037.422583
11033.689076
11022.222842
11001.645393
10976.913607
10984.101875
10978.365418
10972.649820
10996.086483
10872.571352
10879.232822
10905.217633
10909.293326
10904.309841
10927.199943
10934.159201
10925.110566
10918.818091
10940.628492
10912.994494
10915.381495
10874.284933
10835.255747
10822.021164
10798.071633
10816.725321
10818.689704
10809.500085
10774.023515
10772.936931
10750.608404
10740.129356
10782.080848
10768.874772
10797.380140
10922.648851
10930.742082
10971.021616
10963.530843
10967.496666
10979.282342
10981.136317
10997.116233
10991.443539
11005.154857
10999.540149
10986.352696
11003.220653
11013.173044
11018.821751
11026.151430
11030.163918
11031.250075
11040.963530
11051.506906
11060.891725
11061.083016
11074.383700
11064.608374
11101.922051
11101.364019
11253.219016
11243.938069
11266.939660
11305.899554
11323.907375
11308.592253
11314.594268
11315.977768
11309.853780
11314.884334
11328.664948
11316.852081
11319.208588
11313.344583
11313.243218
11301.829169
11271.727939
11249.314443
11270.070532
11275.167124
11290.571808
11301.995416
11284.184926
11309.388226
11318.667228
11329.710036
11177.257589
11165.415803
11156.069153
11217.413339
11241.592253
11256.697135
11276.375915
11322.698807
11338.735982
11343.132024
11326.928080
11353.176829
11358.270955
11343.857513
11334.839654
11325.148744
11326.967598
11325.644384
11334.603533
11347.633681
11333.598509
11336.094348
11329.181346
11293.237367
11287.318832
11293.627168
11408.181922
11488.009336
11517.619568
11494.851317
11513.870741
11526.832029
11522.940111
11527.810135
11528.641449
11536.569284
11557.915251
11536.220999
11518.690465
11532.972333
11517.650977
11523.658191
11504.015268
11484.610710
11494.265285
11455.687994
11455.270014
11462.410059
11423.806190
11443.587506
11410.070571
11370.234885
11277.249334
11329.407467
11317.629563
11307.448111
11259.696675
11314.652840
11260.610060
11273.019594
11267.081861
11269.105385
11269.734767
11257.012998
11270.218002
11266.437122
11296.899082
11297.282205
11293.168065
11319.919607
11314.693605
11324.436368
11331.197875
11364.622102
11351.898251
11353.023286
11356.177553
11353.407906
11350.980479
11377.723249
11358.641781
11329.114879
11341.274928
11326.702585
11313.416217
11310.041935
11324.362503
11318.903699
11332.965389
11329.260874
11319.086859
11322.641304
11337.677825
11331.750108
11336.980501
11325.888085
11339.095053
11339.299750
11347.079628
11334.351642
11344.047269
11308.829513
11320.565699
11360.668813
11442.123067
11498.532764
11506.734552
11541.571975
11516.006265
11549.846799
11548.682291
11522.963572
11514.043374
11510.081663
11521.713731
11520.991307
11526.348872
11542.260645
11555.637167
11565.140489
11570.979313
11571.866151
11583.706987
11578.454013
11588.859076
11599.052558
11638.549098
11637.139807
11628.294365
11632.441651
11874.549784
11894.790298
11961.296887
11958.367800
11965.311867
11966.624909
11935.485289
11935.710943
11952.590885
11958.612775
11967.740530
11972.093809
11970.764464
11964.731713
11978.278288
11979.843334
11961.821504
11979.558542
11967.629896
11951.948511
11913.076894
11946.384648
11961.853729
11972.586156
11972.037266
11967.931518
11904.758569
11880.955451
11832.747143
11856.011627
11872.014413
11891.341548
11925.664670
11910.419008
11905.031150
11902.281656
11932.491457
11923.889532
11910.209192
11925.390020
11930.494748
11924.548032
11924.903330
11918.033077
11910.496836
11888.151326
11907.513804
11903.079863
11914.364460
11938.230069
11926.103971
11916.919333
11912.475566
11997.876050
11959.809140
11981.358509
11954.686201
11932.157027
11948.941785
11928.489119
11917.721568
11916.693383
11927.280304
11899.217662
11884.943306
11877.698394
11891.429181
11825.185436
11777.209213
11748.505629
11703.690273
11643.258771
11707.083515
11750.033433
11715.391211
11709.882673
11742.107209
11730.819478
11725.820595
11732.233462
11756.081165
11742.704892
11755.279180
11765.479882
11762.988200
11754.838788
11758.171811
11726.279585
11753.471972
11730.730186
11743.744539
11713.937207
11684.220057
11869.228832
11870.729357
11877.745453
11905.501432
11864.443571
11897.279840
11909.134615
11894.830240
11878.185057
11840.186401
11846.278729
11851.153724
11851.033195
11862.518919
11844.047382
11847.077285
11846.416935
11838.296616
11839.242545
11835.045330
11832.639644
11808.976938
11771.080263
11783.898875
11756.160681
11760.351428
11772.609032
11786.513718
11800.061607
11811.623555
11848.381380
11864.187537
11878.320729
11901.048096
11921.276361
11931.796106
11897.203883
11917.762665
11905.604455
11898.418980
11906.246685
11901.780113
11894.571238
11878.095221
11855.949134
11884.293542
11909.685322
11919.193168
11917.059338
11901.624278
11928.422597
11905.369234
11956.001031
11960.159591
11982.920466
12057.338098
12080.112174
12088.112836
12088.975871
12124.703132
12140.122673
12144.535028
12154.527089
12167.008467
12143.055282
12180.052946
12167.584408
12179.087625
12149.835878
12139.584530
12142.803836
12154.043115
12145.901050
12152.082503
12148.172757
12170.545882
12097.868633
12067.016723
12244.318150
12223.630675
12188.567397
12181.096574
12218.091471
12203.438043
12208.958031
12204.783289
12196.519822
12219.996043
12221.453423
12225.232430
12222.637572
12227.192706
12231.175811
12213.871321
12225.099640
12211.699464
12221.839571
12219.249715
12215.910858
12244.366478
12234.762787
12223.702402
12216.986630
12255.352554
12221.494005
12205.390242
12221.662904
12250.332145
12322.359722
12368.770858
12335.916646
12345.239352
12399.495256
12391.457169
12393.862584
12390.224217
12377.689490
12360.662350
12343.750664
12346.281286
12347.662573
12306.672333
12304.883277
12297.531900
12291.450689
12291.210128
12268.931356
12281.549675
12298.229826
12287.295211
12363.992078
12342.919704
12303.274750
12314.127402
12313.179274
12316.003263
12355.317018
12346.645149
12348.069616
12354.122543
12333.180613
12351.455193
12340.584611
12369.462251
12336.397073
12339.391060
12344.559121
12353.535803
12346.678323
12373.045386
12376.046055
12354.670936
12359.711096
12361.652141
12361.923809
12370.190509
12505.636001
12517.841556
12539.550157
12502.500240
12459.279044
12448.860941
12407.289443
12422.025340
12427.470265
12435.025576
12481.062483
12483.663843
12475.403648
12411.327054
12417.975447
12403.795324
12282.388128
12302.701447
12269.181270
12282.291441
12315.186741
12317.165725
12338.146768
12320.667093
12315.301891
12351.293261
12254.887684
12354.014404
12357.119859
12370.305451
12385.765112
12405.713239
12414.138847
12414.879265
12383.811966
12367.122353
12352.981874
12373.870416
12398.949741
12374.590096
12369.951640
12401.163818
12399.605828
12399.645716
12390.697427
12377.681665
12392.909210
12422.013839
12423.518946
12432.727249
12423.852512
12441.471931
12319.292015
12299.866415
12312.203624
12328.867576
12305.193022
12275.544961
12277.115931
12286.669842
12239.798957
12234.175554
12223.755470
12167.078010
12173.546683
12183.437954
12214.850931
12214.154034
12242.978003
12237.490614
12240.917416
12260.437141
12252.655867
12245.144179
12235.253468
12266.002925
12252.744507
12244.632075
12413.851394
12371.180597
12281.938909
12297.565744
12292.857147
12232.511236
12178.497100
12225.961074
12195.329275
12200.078971
12203.875778
12202.105098
12186.619449
12186.003526
12201.882593
12176.974248
12191.756736
12169.157100
12166.846100
12156.830841
12144.713011
12134.536179
12148.064649
12141.310802
12113.729056
12085.402568
12157.078465
12092.230271
12080.699024
12055.047335
12027.664968
12008.882274
12039.241062
12082.107053
12107.199041
12112.412845
12117.252425
12114.429354
12122.291830
12154.487566
12196.267325
12220.880948
12212.080350
12219.717327
12235.229322
12217.054117
12227.924254
12244.049543
12242.671008
12250.786008
12215.795448
12236.818099
12214.104008
12184.431396
12206.478083
12160.541932
12166.600768
12134.916438
12121.782189
12153.032784
12173.353338
12177.620914
12174.042828
12159.390570
12154.719287
12159.038280
12166.415585
12160.075282
12147.145160
12157.617709
12144.994418
12136.053332
12141.349141
12168.753497
12174.603079
12174.363965
12179.359124
12167.241921
12229.095335
12156.287021
12163.528173
12189.822360
12170.733038
12143.544066
12161.724224
12157.368730
12162.376720
12167.801546
12166.016360
12149.374073
12147.260501
12146.108151
12152.801785
12166.466986
12179.629244
12171.245712
12175.859376
12172.470720
12175.843298
12179.588764
12187.407840
12175.451191
12171.887458
12172.582435
12191.867295
12140.694255
12122.702024
12142.527845
12117.687944
12142.110459
12120.383816
12093.140516
12103.288036
12089.473937
12083.711187
12083.618402
12096.230093
12112.172959
12093.934198
12085.049362
12078.327701
12058.406337
12054.461535
12031.769210
12034.039863
12036.091990
12017.325461
12008.114179
11985.213471
12012.980275
12067.214135
11934.429132
11938.610133
11896.905109
11890.191673
11914.208879
11935.654441
11957.788598
11949.006275
11939.277406
11930.144061
11927.765106
11949.983477
11955.776125
11980.437611
11992.468156
12002.785980
12023.967566
12021.714759
12024.883591
12054.692250
12055.451703
12028.728601
12003.657201
12022.030893
12012.814073
12015.429321
11992.944915
11942.267125
11935.207207
11960.196558
11970.805952
11948.612980
11947.043733
11932.706019
11892.142766
11917.073889
11907.362033
11908.671734
11915.855744
11943.099820
11964.041932
11951.743602
11942.032825
11954.022177
11936.323161
11937.473353
11926.246683
11925.242425
11922.179027
11893.617591
11869.139759
11864.492745
12026.399639
12058.828257
12095.943292
12068.221366
12085.743628
12096.110411
12109.040262
12122.196514
12100.484443
12102.559754
12082.611272
12086.074464
12087.245941
12101.465637
12107.490170
12106.091216
12114.747876
12111.737726
12106.287192
12101.363103
12111.282500
12105.265180
12103.940807
12103.052486
12104.694612
12079.945995
11971.159141
12009.354866
11989.070004
11991.502059
11975.004191
11993.646772
11992.673080
11990.575484
11970.113016
11977.838453
11974.027547
11969.957912
11983.402142
11982.201063
12116.042996
12156.332021
12139.278831
12155.711959
12125.003877
12115.968812
12107.591642
12109.986643
12108.128440
12099.295817
12097.512439
12094.005040
12096.585332
12090.176975
12100.497436
12097.565322
12095.299067
12083.464012
12092.243839
12113.968791
12091.970755
12095.302967
12084.962187
12082.742705
12069.202639
12068.237012
12107.393777
12137.327630
12093.065498
12083.243742
12090.718301
12084.574690
12082.536174
12082.664864
12093.274752
12092.475618
12092.715467
12069.690923
12041.235255
12019.581598
12026.803322
12035.208092
12039.654254
12036.706025
12021.940497
12007.912540
12003.734011
12004.612653
12005.258307
12030.439733
12034.066565
12012.618213
12064.726256
12075.303530
12077.449895
12072.840807
12090.665730
12117.125535
12128.539040
12123.961931
12099.387731
12103.584566
12101.765985
12098.430280
12102.919866
12085.692745
12086.299243
12089.920066
12102.570615
12100.071049
12089.936550
12076.252785
12076.502466
12085.124362
12068.726470
12078.997292
12089.486000
12098.617921
12021.201808
11999.825247
12000.002476
12027.521929
12046.541609
12047.357866
12065.031108
12058.244433
12043.678171
12037.326300
12027.670605
12027.890218
12029.227936
12025.284370
12035.353368
12036.936153
12022.389558
12018.220099
12020.845591
12053.157021
12066.318803
12078.066766
12071.794477
12098.686121
12105.533670
12098.053054
12059.372168
12014.112551
12011.388410
11958.566047
11935.180492
11917.859146
11873.543901
11881.017297
11872.697066
11877.517998
11834.166090
11808.243785
11817.964495
11794.976241
11826.637652
11869.535945
11865.484856
11873.996738
11871.689541
11851.884926
11830.456084
11823.715011
11829.940237
11832.922412
11854.054215
11887.911586
11930.710631
11972.731102
11979.834509
11920.431885
11943.806613
11931.042967
11963.132422
11962.566389
12007.725406
12012.454108
12034.416301
12048.529687
12046.003718
12063.526473
12082.701945
12081.135419
12081.319306
12090.666776
12142.510144
12138.843735
12140.623295
12128.013555
12111.540255
12105.687850
12089.025083
12113.156990
12140.932940
12188.195395
12248.464008
12293.185789
12316.240284
12316.584281
12368.261135
12395.789144
12376.174938
12351.156190
12350.563250
12365.475659
12383.083162
12397.704921
12395.694490
12423.639475
12402.343556
12413.590144
12408.970948
12354.094623
12332.564734
12244.222396
12257.943757
12283.181966
12274.668161
12269.269388
12354.792870
12354.041100
12424.774603
12398.141674
12437.979595
12447.224695
12444.610070
12432.936924
12419.335443
12412.542181
12393.058678
12401.531919
12404.574223
12392.001850
12412.973499
12401.416911
12379.138144
12366.346769
12374.721807
12372.883604
12375.112244
12372.739719
12401.473439
12386.319904
12387.467014
12401.327156
12410.354852
12360.852946
12342.421245
12341.648811
12312.784917
12349.552091
12372.518384
12334.937222
12330.771432
12347.463599
12350.753418
12347.065427
12346.600684
12327.844650
12312.520411
12284.289438
12265.868144
12235.340079
12267.397698
12292.978620
12316.730368
12293.898729
12341.592811
12338.798149
12330.770260
12348.071920
12189.074521
12268.641436
12340.145557
12305.322333
12322.295287
12332.738157
12334.526619
12323.726345
12346.105807
12353.209540
12369.504985
12363.951230
12369.184451
12384.598101
12388.980157
12395.956127
12387.318450
12365.491166
12354.417774
12369.201031
12345.290550
12353.875973
12364.479343
12354.957746
12343.627164
12342.718272
12361.039673
12418.870948
12473.342487
12506.093923
12501.680872
12528.170406
12540.700689
12546.374432
12516.614768
12485.951725
12506.876841
12458.740553
12486.732618
12490.910337
12478.514466
12476.039580
12468.488582
12482.386919
12482.234019
12505.678065
12520.266998
12510.335575
12521.826795
12533.070086
12542.489368
12553.489400
12553.416878
12509.097853
12510.507266
12504.657466
12536.443872
12517.894681
12516.874284
12502.843842
12501.001733
12506.886520
12507.227094
12503.466609
12518.489136
12543.218884
12588.344672
12576.606572
12579.175684
12589.920719
12603.973844
12623.720550
12619.242086
12611.460935
12609.503404
12604.392369
12586.172564
12575.249814
12589.795880
12723.330471
12742.325153
12722.901743
12764.939338
12732.102740
12723.775976
12722.896358
12749.399526
12762.642669
12748.511827
12765.940108
12771.499283
12788.469111
12784.610532
12789.850517
12788.217976
12817.275409
12825.822075
12830.203356
12816.012372
12821.462256
12798.813406
12792.044377
12765.892133
12770.205320
12776.713696
12630.529985
12613.643901
12522.295127
12511.014115
12564.659456
12586.534127
12565.247093
12603.367878
12636.788557
12589.642005
12581.581438
12596.479647
12615.221095
12624.286961
12621.982652
12632.243704
12612.706713
12582.109092
12569.440597
12559.590542
12564.971491
12562.316896
12553.645946
12528.656392
12519.152215
12506.471657
12693.381486
12655.056093
12634.072529
12610.296207
12647.759843
12683.254344
12656.690880
12657.961497
12666.282280
12665.951593
12664.573572
12668.757983
12673.813764
12694.863481
12703.337932
12704.888675
12708.445197
12708.348269
12694.600607
12702.067832
12690.247859
12683.335195
12685.395723
12672.070059
12675.286128
12673.524140
12711.743502
12678.058656
12704.091188
12691.627245
12711.844914
12706.643655
12665.442695
12673.725452
12712.384223
12711.879717
12727.485660
12722.320069
12702.110316
12738.868043
12749.213129
12759.660109
12779.928204
12775.909087
12768.434686
12757.167783
12767.201024
12767.530876
12763.626402
12757.893610
12765.950676
12766.933241
12729.360258
12680.225016
12677.764336
12685.773482
12686.807838
12679.123687
12663.593508
12679.605950
12651.678010
12643.801925
12647.307935
12600.929927
12622.352974
12613.997997
12624.096014
12620.194163
12596.227693
12608.874844
12620.544785
12622.902491
12630.314470
12624.625471
12636.188185
12636.013921
12630.864233
12623.539410
12510.573701
12544.140855
12524.436421
12521.643484
12474.631227
12499.366472
12526.523656
12520.922131
12552.244102
12558.686164
12556.298539
12559.619032
12571.329207
12584.944765
12574.684172
12581.849959
12583.740213
12588.977406
12581.421032
12591.066741
12586.132868
12591.187723
12598.323486
12599.508311
12627.047627
12629.378040
12486.930263
12461.347549
12497.066534
12544.893596
12549.814758
12515.158467
12386.840034
12451.196302
12473.225640
12481.204918
12504.343946
12455.999508
12485.799596
12480.182467
12472.447040
12508.889506
12527.025200
12509.957025
12509.401878
12507.201460
12510.442156
12517.345340
12514.324595
12517.831183
12513.806305
12546.738900
12764.628225
12684.160166
12663.385023
12610.134653
12638.600559
12659.002730
12644.019027
12618.344900
12604.151826
12553.885911
12550.629353
12538.113763
12560.879772
12572.590434
12586.083710
12612.771283
12605.255271
12609.561246
12620.748017
12631.993805
12606.466528
12595.447094
12597.842895
12604.797146
12599.704327
12597.924613
12544.573316
12624.194468
12574.438290
12594.960934
12644.978298
12629.932888
12638.982613
12640.901062
12661.599307
12655.571002
12609.796045
12683.057838
12638.987062
12652.065326
12651.155863
12607.747754
12619.781034
12594.021216
12599.570047
12550.445770
12513.171846
12485.082896
12463.792925
12520.512858
12463.185922
12471.660846
13023.217004
13044.830143
12907.945403
12866.910049
12907.572861
12767.411901
12796.303275
12691.281042
12726.205729
12670.065886
12759.218023
12785.634742
12775.031012
12776.136241
12777.102851
12730.826677
12760.676657
12766.562404
12776.834970
12739.108638
12753.949746
12794.093206
12797.100948
12757.011721
12729.754083
12727.407648
12709.051097
12648.763866
12671.187053
12674.022248
12665.963605
12621.941945
12624.570959
12570.171500
12510.697547
12505.394115
12539.741333
12492.586249
12447.709188
12367.331668
12405.629002
12323.125573
12388.818279
12384.922010
12404.660332
12412.202853
12370.698960
12390.737536
12424.332782
12437.763838
12444.456274
12383.800210
12466.650859
12387.931038
12307.612981
12313.896921
12312.761187
12320.919040
12275.491660
12311.280142
12352.673299
12389.973532
12373.681821
12381.867840
12395.423018
12398.001353
12398.854684
12406.872162
12411.659467
12405.739809
12429.012485
12437.520535
12446.936564
12460.028471
12437.517379
12430.295219
12409.813573
12411.309752
12530.332397
12493.907707
12509.607755
12524.346864
12488.022746
12495.375721
12524.597599
12556.175066
12544.076327
12555.474733
12538.479774
12535.608613
12523.972279
12536.950456
12553.739992
12542.266541
12529.780011
12535.562469
12518.782571
12547.079406
12535.196879
12544.395485
12550.287484
12538.319321
12545.233662
12535.315217
12516.286086
12572.373490
12615.583836
12613.385071
12576.494538
12603.635853
12642.411880
12630.638225
12630.835041
12692.174973
12719.828711
12711.169693
12710.736250
12710.548306
12723.542749
12724.462059
12710.936510
12719.220434
12725.103517
12720.491497
12735.734132
12757.587989
12754.495705
12732.496101
12718.365879
12730.427645
12733.692520
12783.823730
12778.018943
12809.988036
12772.028460
12789.004063
12803.269109
12812.314593
12823.575124
12834.079934
12832.419766
12824.614036
12832.665854
12829.693733
12830.156317
12834.475284
12823.667398
12827.508271
12830.756658
12844.189294
12849.465208
12854.750719
12854.386703
12839.773423
12831.941754
12832.217626
12848.395189
12953.852288
12931.494348
12883.812008
12909.881406
12943.865163
12944.621832
12931.710945
12933.133486
12936.085489
12941.290862
12936.640547
12935.724050
12940.239772
12939.299566
12933.121002
12938.479442
12921.573538
12917.741308
12918.818243
12918.205582
12910.159393
12888.327143
12874.320272
12888.851134
12900.525196
12914.036676
13082.038122
13120.155207
13123.556144
13140.128391
13159.432798
13134.810785
13140.672671
13134.070671
13131.271451
13155.834280
13175.865956
13198.996377
13184.856919
13184.852638
13167.357929
13168.528383
13167.661410
13161.135042
13176.378251
13175.173935
13199.260789
13212.977821
13199.507892
13198.397514
13218.411304
13218.267327
13117.292256
13140.339400
13123.856879
13124.082608
13115.929282
13113.474604
13096.296085
13110.705103
13119.172878
13119.601277
13139.455045
13159.354458
13175.134454
13177.653312
13171.592937
13157.646665
13154.571862
13164.714271
13176.954625
13180.303440
13174.418556
13169.808183
13158.574801
13148.777625
13160.189554
13147.389134
13164.323423
13175.416778
13189.597975
13053.636150
13088.052173
13113.396847
13126.463840
13137.883921
13144.238798
13164.124555
13153.459965
13148.035373
13142.068309
13172.871693
13170.606992
13163.856831
13165.329560
13161.158296
13147.339298
13145.095853
13163.507476
13182.312688
13183.057264
13164.126293
13140.852882
13152.764676
13135.687660
13127.369595
13131.869058
13145.827462
13129.914289
13141.959566
13108.726804
13075.841232
13084.427502
13069.167454
13063.038103
13003.791372
13018.437098
12985.020242
13016.892523
13048.299576
13036.350209
13041.931368
13031.717560
13035.387998
13028.489984
13041.961498
13055.685976
13067.103145
13076.139375
13082.197362
13159.173977
13174.716211
13188.018491
13177.978220
13201.129202
13211.903980
13217.416572
13236.413226
13220.714187
13225.088085
13235.953740
13226.651876
13214.491050
13215.646166
13217.839669
13211.041413
13200.246871
13198.584754
13184.021863
13179.877897
13185.205845
13185.897833
13193.423767
13190.687998
13210.093165
13223.655941
13379.274110
13372.194478
13361.840218
13387.743437
13385.491913
13339.032382
13350.323080
13356.091982
13348.850926
13332.673044
13331.009235
13354.178810
13364.072322
13376.670242
13378.759258
13376.182213
13385.579901
13371.994963
13384.571808
13406.005856
13415.929741
13399.841843
13414.834843
13399.787547
13409.961075
13400.183127
13307.439445
13330.188454
13359.464971
13372.122814
13366.052513
13414.113286
13375.252297
13327.666432
13325.748828
13313.180903
13327.020259
13342.414733
13353.665979
13377.890573
13379.272065
13391.196899
13388.616670
13371.528044
13397.124095
13391.258912
13388.214015
13408.113458
13423.870655
13420.196535
13429.655347
13431.409153
