ppo
10000
10022.955585
10045.034381
10031.293950
10046.960147
10043.434503
10045.569017
10012.516912
9987.160540
9984.682321
10026.524773
10044.774560
10058.012085
10161.622958
10190.415818
10205.661574
10217.538418
10214.315439
10207.043717
10201.160185
10176.453658
10172.977303
10152.743977
10169.565047
10169.969889
10186.918261
10237.027411
10260.634158
10325.718548
10348.157162
10341.617667
10364.948328
10369.151515
10348.914684
10341.801939
10325.951879
10322.849973
10304.277135
10261.371011
10249.501894
10408.220956
10452.634477
10457.134457
10445.605891
10438.682920
10416.767842
10449.948789
10450.749380
10460.676717
10459.518163
10459.082481
10451.568778
10446.874292
10445.953613
10486.139591
10475.520956
10471.795079
10479.784060
10465.552616
10465.798590
10485.583844
10472.806025
10471.191259
10454.633417
10444.776258
10461.092452
11052.790244
11033.345270
10980.130949
10985.780258
11038.253946
11101.451550
11111.987420
11150.008525
11144.346760
11145.654907
11147.983720
11132.327854
11042.397935
11088.272786
11108.807959
11048.600693
11103.869130
11115.319715
11144.100563
11139.651386
11096.162048
11127.236478
11127.116192
11135.228671
11139.828620
11122.032989
11089.432874
11069.679923
11077.307819
11099.838098
11100.146722
11088.030500
11107.676138
11102.647984
11100.062592
11084.227999
11040.909268
11044.201950
11073.376942
10988.760257
11008.569350
11025.542620
11026.025731
11043.492876
11026.860602
10954.557364
10920.790659
10943.160423
10904.808201
10876.786883
10897.563032
10911.542840
11027.654625
11034.770052
11067.253694
11083.544110
11106.846163
11106.288917
11123.631067
11130.090527
11136.126910
11154.424519
11149.672103
11151.494729
11171.190978
11336.300803
11366.583955
11383.360241
11401.579623
11400.400618
11376.368819
11371.983230
11372.490756
11340.252319
11353.471289
11370.390479
11373.377430
11379.093174
11244.869827
11266.557305
11286.029515
11322.659811
11337.927780
11350.571030
11354.631279
11340.847405
11337.860598
11368.493190
11356.332090
11327.452612
11323.706350
11431.194124
11417.752206
11438.917161
11445.794458
11450.357439
11455.762491
11454.437058
11451.672348
11419.727353
11406.057199
11408.117167
11389.275892
11333.837941
11291.103389
11276.506448
11295.906935
11271.411570
11273.875738
11270.322167
11272.205765
11292.353417
11310.069017
11309.683463
11353.465645
11345.507554
11353.593761
11359.439790
11311.150845
11309.219895
11304.973035
11310.128338
11305.069818
11302.946564
11311.016073
11312.786764
11308.101866
11310.609633
11285.130561
11325.339818
11440.966538
11442.998503
11434.375300
11411.919241
11412.137886
11420.398105
11446.843785
11458.427766
11461.541792
11471.675926
11486.104018
11516.350737
11513.743892
11672.290761
11722.276508
11739.371366
11736.649096
11766.318468
11776.206547
11770.050782
11784.471542
11778.176129
11762.404719
11764.861422
11781.598524
11776.994959
11727.940522
11696.197728
11694.048995
11711.311040
11713.004052
11734.054677
11739.609500
11737.428156
11738.705847
11722.761921
11729.474758
11760.971803
11755.060901
11818.887003
11820.683867
11811.988227
11804.897073
11796.412687
11781.572248
11772.673205
11722.767359
11679.623662
11598.779989
11676.098089
11637.632085
11658.916790
11664.270931
11662.645062
11672.043972
11664.466406
11652.526207
11661.552958
11659.026963
11796.510340
11824.399850
11825.315467
11847.289211
11826.359455
11813.153620
11820.887523
11819.557244
11826.145151
11832.119133
11828.040285
11791.322174
11774.832707
11778.994924
11788.459289
11816.519676
11840.390467
11857.568353
11848.495084
11851.756968
11850.098979
11846.830887
11819.629337
11873.251881
11881.938723
11893.351381
11902.720894
11915.837083
11963.341400
11950.754994
11965.921237
11964.136022
11959.003761
11959.241119
11958.432571
11954.764731
11960.012824
11960.574496
11927.081391
12007.521261
12017.510610
12035.961701
12034.033819
12024.440697
12032.603597
12025.721883
12036.985632
12042.480060
12043.373663
12040.342081
12052.358923
12045.508914
12010.391989
12005.689687
12067.114194
12085.078399
12134.117763
12122.453900
12110.522287
12079.497690
12091.117114
12045.394311
12036.399340
12020.449215
12050.233436
12137.216214
12070.255283
12075.671754
12119.509294
12102.878364
12099.575870
12110.270324
12115.661626
12127.392713
12138.009843
12164.996909
12151.297333
12147.137508
12233.660116
12244.535270
12218.470739
12186.059160
12180.808309
12202.135623
12189.866646
12164.629222
12111.031488
12099.248333
12110.821910
12120.041454
12103.074157
12065.183712
12136.720679
12133.635296
12160.037084
12155.645124
12146.140924
12166.110713
12142.975994
12157.982821
12143.765360
12142.776501
12161.492713
12169.587987
12106.906358
12123.664085
12121.933810
12107.919983
12087.101761
12073.675231
12046.268410
12069.948450
12088.693466
12099.525573
12110.043259
12091.644850
12103.602366
12204.375560
12183.098341
12186.342962
12109.031288
12096.410853
12109.725985
12106.072147
12112.728119
12107.893229
12092.647039
12077.534572
12079.107146
12052.470784
12118.139904
12069.647409
12053.027191
12057.911380
12076.231787
12083.106477
12085.689256
12130.937119
12149.948072
12169.153550
12166.358190
12173.534492
12148.877531
12156.528136
12154.497286
12154.386267
12121.756031
12160.819732
12156.103965
12140.030489
12141.752983
12127.112989
12124.680358
12120.192189
12161.862472
12169.243453
12195.711910
12154.082371
12161.191523
12146.117956
12150.709338
12153.562972
12143.928766
12154.567128
12160.922772
12161.435843
12162.634580
12174.367767
12161.622190
12171.224288
12146.482689
12123.393870
12125.006838
12110.628962
12112.862024
12126.297203
12123.698555
12114.330260
12102.284241
12095.844027
12075.472194
12059.285620
12111.706082
11981.538777
11928.632439
11958.859019
11972.141376
11970.234687
11992.159228
12009.719847
12027.787284
12042.841632
12070.121668
12051.542975
12044.920523
12024.978353
11954.984227
11970.479403
11952.796908
11956.310235
11942.794853
11943.873571
11970.515078
11977.380084
11981.750345
11971.260217
11957.190934
11939.858737
11924.027053
12068.985265
12078.902015
12097.111515
12115.928821
12108.601546
12100.943552
12116.499396
12122.648445
12126.864519
12118.645245
12110.234144
12104.903390
12087.925655
12038.204989
12024.759088
12031.921336
12023.360568
12016.166139
12015.920755
12038.872789
12170.091581
12190.044009
12158.663912
12139.815750
12131.404180
12131.882127
12130.055227
12130.082316
12122.804238
12143.264202
12137.081885
12124.549455
12114.948048
12167.947888
12131.761701
12125.716625
12128.889798
12140.738068
12124.559320
12083.081598
12093.032094
12099.920482
12076.117457
12078.919614
12098.692690
12084.401791
12149.215961
12142.122811
12153.017153
12152.428246
12142.880008
12135.743042
12123.759367
12129.922113
12132.776493
12116.723716
12121.486709
12119.811520
12129.537988
12068.144690
12089.555474
12099.832466
12109.136864
12097.391005
12095.730500
12097.544960
12115.646630
12103.351375
12135.687468
12143.493802
12160.136094
12166.871159
12104.179556
12060.735702
12027.399208
12000.482636
11983.534305
11938.029344
11919.476389
11996.484884
12009.317002
11992.889304
11967.620076
11981.612194
12024.898623
12090.882623
12067.094654
12071.137781
12084.093788
12117.125152
12142.687931
12150.636195
12175.178603
12190.188416
12228.864928
12218.568619
12200.505526
12201.378022
12259.007661
12301.037659
12340.328283
12390.554434
12362.125629
12379.093709
12405.612276
12427.875400
12423.374667
12384.684004
12314.148769
12335.648832
12328.902408
12441.887811
12499.015152
12543.611967
12533.499875
12530.209298
12499.150412
12500.220937
12501.136863
12481.957949
12490.019443
12487.528149
12494.349451
12509.704282
12539.277567
12526.053578
12523.373070
12520.658383
12534.911019
12537.387058
12527.873636
12494.400050
12453.805559
12486.824046
12484.190028
12526.183055
12531.575240
12427.077986
12477.251813
12501.958044
12503.303422
12530.444245
12536.149140
12555.489231
12562.702888
12538.144742
12549.389841
12544.605833
12544.171434
12537.203573
12572.605412
12606.493163
12607.050623
12636.205205
12599.385076
12574.241624
12588.644989
12581.006052
12591.673534
12608.822938
12601.140717
12621.728205
12634.236268
12606.475272
12602.812754
12608.265584
12587.421758
12589.360983
12575.843874
12606.435797
12619.826153
12619.568055
12638.808538
12631.633709
12617.558287
12609.883743
12696.650070
12704.302398
12714.488963
12713.158779
12717.324382
12724.544501
12729.122049
12741.950736
12754.002482
12753.460208
12748.033137
12719.701372
12696.264852
12585.391811
12519.696398
12527.960311
12525.616249
12576.075474
12543.527497
12570.582222
12566.447375
12569.792477
12552.200106
12558.460911
12552.525181
12537.622842
12632.944532
12600.159302
12617.853839
12641.971002
12653.177927
12659.485477
12657.455640
12680.305894
12675.164788
12662.052943
12656.183621
12658.567071
12654.047015
12690.188311
12711.098305
12715.601557
12658.320305
12690.484945
12699.752063
12693.666910
12719.183818
12742.044180
12739.501241
12739.767112
12747.920015
12747.777679
12742.274613
12735.969618
12760.169781
12736.405132
12711.013080
12707.449452
12690.808621
12698.884476
12692.011104
12712.948735
12734.039093
12735.862060
12718.184735
12608.456978
12631.544824
12598.637693
12636.816109
12649.979784
12656.340640
12657.312757
12661.733716
12670.851228
12663.574688
12662.952045
12671.087271
12686.954568
12565.012016
12592.629645
12603.922373
12501.854112
12524.426056
12549.339942
12545.489227
12540.439800
12585.085300
12576.061220
12577.638411
12585.614424
12583.082214
12653.759269
12636.063602
12614.391401
12607.207736
12592.692634
12570.655687
12578.880638
12583.942458
12584.813369
12591.323969
12581.731001
12581.973113
12579.119762
12429.754988
12383.866053
12439.425211
12454.846193
12432.734054
12387.761028
12417.860114
12452.138051
12437.960011
12421.116690
12341.437813
12303.397730
12282.653872
12742.239919
12764.983587
12770.446122
12809.752688
12795.235912
12815.702106
12816.127990
12817.436169
12814.100441
12825.465990
12798.756403
12801.151689
12766.987522
12650.495674
12663.348175
12663.579811
12627.019517
12543.626061
12545.488281
12462.636812
12435.408646
12439.710264
12444.827752
12409.621577
12467.892612
12488.448288
12537.845755
12464.404601
12488.282906
12450.857218
12518.373309
12538.878589
12547.883255
12550.789807
12562.990650
12566.316515
12584.397890
12587.190370
12568.570164
12666.064293
12696.655990
12708.731410
12735.705672
12756.807788
12749.084726
12748.065054
12758.144999
12742.577033
12732.661364
12735.066264
12754.667810
12748.560628
12722.324605
12767.983448
12751.821067
12780.961804
12780.251479
12826.811291
12822.924809
12838.090808
12824.050441
12837.675112
12852.228933
12858.859428
12828.931341
12834.455798
12883.000074
12888.219220
12900.515950
12909.949234
12902.341579
12913.044599
12910.718390
12920.201891
12921.264957
12930.190826
12931.334989
12908.987669
12935.103924
12972.489380
12957.137702
12994.408196
12981.995685
12980.610554
12982.702418
12994.597894
12980.199844
12968.746605
12969.535753
12960.779776
12952.291438
12949.957978
13062.372792
13084.223736
13072.585475
13062.412363
13063.724397
13079.800341
13072.833280
13067.090441
13055.975186
13064.693381
13082.696330
13083.487505
13095.748284
13044.792238
13026.707179
13028.060389
13028.518965
13040.465903
13061.368246
13065.086124
13055.653783
13057.577622
13061.888096
13052.654084
13045.705277
13043.071670
13086.835552
12988.154268
13022.755126
13048.464642
13048.857018
13026.359485
13049.783931
13050.922876
13047.205228
13030.549321
13060.678112
13062.833333
13046.632862
12992.968742
13000.191498
12989.951365
12950.129350
12958.972102
12905.322397
12898.669258
12936.576231
12928.759689
12921.337811
12932.500049
12961.478279
12961.855568
13003.975349
13007.312955
13039.130484
13038.724296
13043.886299
13038.575540
13038.619229
13022.243853
13028.552410
13018.356493
13021.028432
13023.945433
13054.668555
13136.924010
13123.330257
13122.055315
13122.555529
13106.508635
13125.871952
13130.943978
13130.443876
13133.605903
13137.270095
13135.066833
13135.375979
13124.663513
13110.000697
13131.799939
13160.388103
13105.281454
13121.512472
13125.417667
13152.344537
13158.690853
13150.797954
13165.405546
13177.616190
13182.661935
13188.848661
