9978.284226
10030.400419
10046.875799
10056.954529
10040.448016
10027.695400
10029.464180
10039.454167
10059.977260
10042.139207
10051.035153
10054.325088
10018.034597
10016.058798
9989.868427
9993.807445
10004.016360
9986.456302
10000.562396
10034.000710
10069.522932
10060.245684
10074.975042
10080.742499
10034.219335
10203.332717
10230.285445
10263.166527
10297.792884
10308.430944
10299.561075
10324.492660
10314.713233
10315.078603
10318.163702
10299.682401
10292.287563
10295.668807
10278.821966
10274.127777
10267.203816
10272.382775
10257.177267
10244.449486
10261.717102
10263.554648
10277.256270
10268.845235
10280.977033
10293.587370
10308.728565
10358.711309
10317.582076
10358.508667
10399.321580
10408.901630
10393.963533
10412.855483
10375.522013
10399.423561
10405.443293
10428.690881
10434.828918
10444.947731
10441.715045
10417.708719
10404.899679
10399.563460
10373.002272
10373.818461
10363.875082
10362.234995
10340.810552
10354.849735
10318.877736
10308.502734
10309.926254
10296.257222
10506.222872
10548.324786
10567.456892
10574.777932
10570.891689
10597.678796
10562.937744
10556.584906
10547.753814
10541.143446
10551.794508
10520.745278
10547.037147
10559.486746
10567.716035
10560.119920
10582.076580
10584.167110
10585.550845
10584.064461
10601.710352
10596.936008
10590.130211
10595.980425
10578.233075
10607.174090
10538.651526
10510.172798
10541.996452
10560.399345
10553.774417
10552.878717
10555.889623
10545.378363
10559.888559
10556.072570
10550.044827
10534.874815
10533.148032
10529.945641
10545.184525
10551.318542
10547.749657
10544.815252
10544.788601
10545.607897
10531.627652
10524.469592
10518.380983
10524.197068
10547.609757
10539.127822
10975.003866
10976.780442
10991.895823
10976.454281
10941.161350
10905.251030
10872.221889
10876.072448
10905.741110
10897.213005
10911.803352
10942.309961
10950.185345
10935.531685
10952.528232
10948.473257
10938.361164
10953.260794
10948.437170
10931.995275
10936.768422
10950.364967
10961.673180
10927.725119
10924.832210
10825.695705
10785.553186
10843.885612
10877.471818
10835.912740
10773.834844
10780.267076
10821.537295
10839.810816
10848.337293
10849.972573
10881.273504
10878.857869
10853.745734
10899.973840
10900.860515
10866.339688
10891.981083
10919.724822
10899.840553
10913.766958
10920.678337
10915.506545
10908.163599
10915.174438
10896.093625
10895.277609
10886.806864
10848.344342
10827.289126
10806.403018
10831.085908
10826.330859
10836.106442
10848.398155
10869.635648
10867.229277
10866.568869
10861.837010
10869.483233
10872.100666
10866.743461
10874.226197
10873.447726
10875.689879
10875.986708
10862.446985
10836.511674
10814.146075
10830.421431
10821.729744
10832.899027
10845.486032
10757.775424
10754.637306
10779.122389
10795.342135
10793.438335
10793.245545
10793.402780
10784.000377
10775.791147
10776.624233
10780.499196
10773.482968
10737.439565
10702.091036
10683.706858
10657.175573
10674.751148
10674.850260
10665.824821
10642.762204
10631.903255
10600.000850
10579.131536
10616.398174
10613.764636
10637.287008
10739.773354
10777.253045
10763.757954
10737.409106
10742.496834
10742.946792
10750.808320
10767.215320
10752.141296
10768.585922
10760.706685
10752.953007
10766.142057
10782.741196
10789.488175
10793.773065
10803.347299
10800.036938
10799.796819
10817.853634
10816.858253
10818.735158
10830.328105
10820.720155
10858.764373
10857.127748
10990.451986
10974.710934
11004.330717
11027.630215
11043.800510
11048.538344
11049.871775
11056.943521
11040.473910
11049.514850
11044.255753
11025.085801
11037.192034
11039.032849
11040.323281
11031.613725
11020.144510
11000.113281
11020.908521
11037.740386
11046.389293
11074.208503
11062.990782
11076.442203
11088.478010
11062.668915
10942.126946
10938.935080
10917.633940
11005.537513
11046.045120
11053.518132
11065.919065
11160.895810
11161.002927
11161.008372
11160.726207
11142.874185
11152.396357
11138.469766
11111.144137
11096.523053
11097.593045
11092.373378
11117.128258
11133.304100
11113.698461
11114.367767
11102.539588
11078.828475
11082.223175
11086.021230
11182.388202
11237.356776
11233.834943
11175.018213
11215.878258
11216.864468
11232.946664
11244.944612
11253.006554
11242.635955
11251.125271
11260.418421
11239.054239
11245.722297
11222.910282
11227.054943
11215.437691
11232.224004
11247.949783
11222.314855
11197.305632
11204.267405
11165.738970
11180.344070
11154.394761
11129.273326
11018.156209
11105.156715
11061.723269
11029.903473
10992.507516
11021.948456
10987.811882
10997.173493
11005.531644
11003.392224
11004.640656
11001.506341
11028.209368
11018.195303
11031.517557
11024.742941
11018.135097
11041.722593
11053.835901
11048.484561
11064.128272
11101.172439
11097.270384
11104.254230
11108.300176
11100.393902
11104.043728
11097.236437
11065.559049
11042.556798
11077.743638
11076.220222
11060.551757
11064.210055
11077.532199
11081.824896
11094.275851
11097.585977
11122.855033
11132.605744
11132.718782
11118.709615
11112.437672
11108.823619
11118.605857
11112.688226
11115.182307
11110.386315
11109.440643
11067.815910
11076.490909
11106.535016
11162.755225
11244.760535
11267.841214
11287.898179
11234.747567
11231.964373
11238.241664
11217.895274
11213.199837
11231.273643
11233.957261
11248.485637
11268.484172
11284.355326
11291.353930
11287.640193
11275.507510
11275.018147
11296.911130
11308.770622
11332.559771
11324.348358
11349.759506
11358.387256
11354.552828
11373.903005
11445.830119
11457.053864
11503.829520
11541.328246
11514.924005
11554.973363
11557.911381
11549.951648
11573.054808
11588.664009
11579.145538
11556.045844
11578.810888
11553.722553
11578.464080
11572.207953
11574.818951
11601.864126
11599.997949
11609.992766
11589.167161
11614.990088
11628.761399
11633.444696
11641.259961
11677.411581
12001.927833
11971.237957
11942.551603
12046.108015
12047.542430
11998.201839
11918.696798
11880.665296
11863.030920
11844.486603
11815.410887
11752.683762
11780.216945
11828.444003
11811.603531
11781.315769
11728.235261
11717.066019
11707.354170
11635.878808
11689.592389
11680.378583
11654.083408
11702.199724
11721.233282
11768.740603
11789.145208
11806.525092
11804.174875
11833.908868
11827.192687
11805.217028
11809.857041
11788.005884
11784.242105
11763.301289
11767.096941
11723.674322
11736.632925
11772.730631
11794.739168
11640.724960
11642.345041
11657.790992
11621.843460
11619.113047
11648.588938
11648.926921
11637.654929
11653.544511
11669.251237
11666.935631
11697.606196
11712.447696
11732.815415
11722.949213
11728.220884
11732.980346
11731.546901
11713.999364
11730.512199
11709.954083
11754.025740
11753.112304
11750.576686
11723.156526
11644.523360
11773.053215
11780.673521
11838.631758
11874.372118
11814.701800
11850.647733
11864.862776
11837.867330
11835.496308
11826.450398
11830.222018
11848.366697
11851.875959
11847.362359
11869.277438
11853.293734
11855.009602
11867.959587
11908.720332
11906.880527
11906.377012
11906.058143
11856.504125
11868.925340
11865.806502
11857.007596
11824.371733
11896.160943
11897.352936
11961.620485
11969.470413
11951.412574
12009.032939
12027.108243
12050.662195
12033.632607
12056.219825
12041.500449
12039.213798
11988.678861
11978.576616
11984.036030
11994.377326
12013.449201
11968.287523
12028.287790
12077.534177
12097.985460
12097.201354
12085.275675
12090.691714
12021.203359
12090.673265
12189.574849
12189.728736
12205.064993
12213.027517
12221.101164
12239.645383
12268.083362
12282.449806
12302.620781
12303.768369
12304.829347
12312.266396
12309.824518
12291.509576
12270.444443
12278.615577
12307.121115
12285.943378
12294.294463
12287.021681
12254.912688
12240.910597
12282.001934
12244.569861
12237.822427
12331.525994
12328.527743
12356.404393
12369.621875
12406.511478
12410.250308
12430.850723
12432.105884
12458.101884
12467.669442
12497.192795
12493.959059
12508.273075
12486.936138
12508.571603
12546.057075
12544.359845
12503.044310
12461.485252
12494.962299
12485.167477
12495.891400
12503.586568
12516.535203
12459.251673
12496.711674
12394.814193
12415.705960
12504.896420
12519.431808
12507.742891
12518.723847
12513.551232
12514.528525
12536.534446
12521.593141
12521.172529
12528.427466
12524.587238
12512.362276
12490.688055
12498.402185
12500.386016
12473.378718
12481.626893
12476.893437
12475.104257
12481.875540
12467.855118
12479.683721
12482.615080
12471.226719
12448.263686
12445.316286
12460.471908
12450.122995
12465.183937
12476.148680
12489.447369
12493.363889
12504.722250
12506.892004
12491.391361
12496.479288
12491.980496
12500.388139
12485.992108
12481.145435
12493.553458
12497.597888
12481.040561
12505.152693
12503.284014
12492.503748
12501.090986
12496.678500
12494.632957
12487.948400
12515.693427
12524.776198
12539.360681
12520.631483
12480.272584
12480.037197
12451.554456
12461.361905
12463.700535
12470.230969
12482.405402
12484.991278
12465.632032
12430.050626
12442.327815
12427.468451
12386.984684
12392.516176
12377.591273
12376.078742
12380.195289
12368.439984
12386.994738
12384.389086
12359.761574
12395.562812
12259.049616
12308.206207
12335.317590
12350.138409
12343.820950
12381.917081
12390.999017
12383.268906
12386.078798
12364.513491
12378.522175
12382.563352
12389.805152
12369.797348
12353.950247
12354.972773
12353.137601
12362.190031
12336.044339
12334.858902
12349.102820
12353.117060
12365.045925
12370.154489
12355.822650
12367.678769
12284.278626
12305.727960
12321.406464
12347.402376
12310.944111
12299.898451
12301.971159
12291.600572
12269.028925
12247.808158
12244.168441
12211.345365
12216.581500
12220.251841
12243.359794
12249.592549
12266.061062
12273.532845
12276.208394
12275.089294
12298.689662
12308.296492
12290.377950
12323.851496
12300.298979
12291.516643
12405.640517
12406.272320
12411.348256
12413.915452
12433.371694
12409.100387
12381.839957
12407.679788
12364.535904
12388.633644
12393.153049
12391.657666
12382.168370
12367.371616
12377.826592
12356.906267
12372.341691
12370.838402
12378.837653
12373.339124
12371.259138
12374.899202
12362.761002
12359.028944
12329.630658
12306.627270
12433.347014
12408.070298
12410.139574
12426.467398
12407.967654
12390.391864
12411.894274
12419.834896
12429.373015
12440.965461
12439.892687
12441.938504
12441.493260
12460.187279
12473.637863
12496.255813
12493.375473
12497.552253
12486.910165
12489.622818
12489.728916
12501.981758
12509.024906
12485.774400
12467.208273
12470.050096
12634.813251
12633.161831
12614.667291
12593.838387
12595.025469
12555.026209
12517.977748
12513.373468
12554.024370
12561.020678
12578.116529
12585.538196
12571.207281
12582.028525
12591.897575
12572.809710
12579.945669
12548.483609
12524.433878
12526.870234
12548.255994
12546.472092
12579.621169
12592.636101
12620.156972
12599.500665
12634.372007
12553.873924
12577.334725
12612.093150
12598.256235
12569.467787
12569.065222
12593.814396
12566.816445
12586.729596
12590.087790
12587.585643
12595.134901
12605.470280
12613.395887
12626.104628
12629.102288
12618.242896
12620.439324
12611.296989
12611.681710
12596.707371
12576.725081
12574.321093
12579.466990
12616.784226
12629.094606
12641.681408
12659.866431
12696.983541
12642.353451
12654.210056
12620.414552
12574.962663
12596.838950
12610.050277
12606.671116
12624.660318
12666.143948
12689.483061
12687.548740
12681.738952
12692.905444
12685.516746
12695.265516
12677.474412
12696.229717
12687.293297
12665.792087
12679.980454
12664.626287
12697.897758
12726.232063
12549.174366
12558.290395
12499.270760
12483.499177
12505.750696
12534.333329
12540.939569
12525.171976
12468.749751
12412.416605
12426.939428
12486.657462
12497.182364
12536.118238
12523.472527
12506.318158
12509.624826
12486.114026
12499.663357
12531.050084
12514.015654
12488.294976
12472.414877
12509.589585
12509.106187
12508.893652
12597.422972
12600.335065
12603.915014
12616.789739
12618.243475
12587.416544
12572.597124
12562.240940
12540.410118
12558.630139
12558.943309
12561.023456
12554.151479
12593.366400
12605.926910
12618.258618
12625.552821
12638.588045
12608.382174
12606.360821
12577.470851
12573.420242
12557.204974
12565.798696
12545.585852
12533.875524
12643.438415
12626.418471
12644.581537
12619.914252
12642.491295
12674.158041
12695.977831
12694.586570
12692.785984
12697.205500
12682.828253
12685.000118
12690.244675
12680.454430
12685.593366
12679.646167
12678.556279
12662.144410
12654.312269
12654.381618
12660.246753
12656.957078
12658.972291
12650.289516
12657.474286
12617.611048
12595.205388
12631.396675
12646.988319
12668.375346
12658.601054
12643.159969
12634.911130
12596.827751
12583.678254
12597.306571
12588.518601
12593.026957
12612.299406
12609.189747
12730.557596
12771.917092
12772.867302
12786.595021
12772.917479
12748.228406
12744.651033
12732.114424
12727.955998
12714.617523
12712.596780
12713.513883
12717.880573
12713.388893
12715.021333
12714.403758
12718.961948
12716.851511
12719.496751
12729.530411
12726.893473
12717.529382
12711.082442
12712.968656
12706.172466
12700.925732
12755.382598
12758.601404
12724.881940
12711.548745
12713.139862
12717.825657
12717.588563
12711.076388
12731.604535
12724.231458
12716.400152
12696.490074
12670.904099
12655.501302
12662.463330
12664.124404
12664.979799
12669.418121
12656.814861
12646.683705
12646.395874
12654.190125
12652.921752
12683.386025
12689.317068
12674.125517
12743.144336
12767.652044
12769.556488
12768.687401
12774.479130
12786.331008
12796.439125
12809.095223
12809.051327
12801.972354
12796.843047
12795.769236
12796.009441
12786.391830
12798.629228
12804.892555
12803.604609
12795.568688
12782.078349
12775.895126
12770.107396
12769.382612
12746.600057
12748.438772
12774.217021
12773.285910
12755.172689
12734.751813
12760.517629
12781.548284
12780.416005
12791.592694
12797.193707
12802.394106
12801.145690
12802.503132
12794.157735
12801.104219
12800.358820
12804.392721
12808.568085
12813.824261
12805.981042
12809.634939
12818.343007
12839.501998
12831.891700
12827.135921
12833.149487
12855.899336
12861.427263
12880.628372
12906.890380
12928.920810
12918.664269
12889.045859
12890.731682
12863.481475
12820.042408
12842.490442
12822.631672
12811.015963
12771.079249
12738.790695
12774.467449
12747.893457
12787.559208
12839.343031
12840.847745
12848.144219
12851.694529
12828.489592
12816.027326
12806.649564
12832.066552
12838.512806
12854.925527
12892.802887
12899.940623
12917.605833
12904.224458
12904.715918
12910.144849
12890.573858
12897.521042
12895.153221
12935.479425
12924.273035
12933.799474
12944.376209
12965.249241
12967.024736
12990.339779
12980.520617
12985.360589
12987.782850
13011.468152
13014.872893
13023.627494
13006.291245
13007.135308
12996.974625
12982.707656
12986.024394
13002.616157
13043.885046
13099.332744
13126.029954
13139.754507
13180.626641
13196.315149
13225.473422
13216.347288
13197.530028
13199.351876
13201.652501
13216.563028
13219.276261
13223.634971
13223.917164
13213.810300
13229.293788
13250.887797
13200.441681
13179.905364
13136.887450
13135.762930
13153.417031
13146.235635
13141.382277
13257.698287
13211.806104
13287.189294
13341.102266
13377.882379
13397.031746
13393.234799
13385.478316
13372.839740
13378.889023
13352.707047
13354.000188
13358.929836
13348.424328
13358.017320
13337.894890
13336.006467
13332.634021
13346.767469
13346.457981
13359.581379
13363.110698
13389.055046
13387.685663
13401.240017
13424.043797
13503.412402
13470.295619
13499.816918
13517.846338
13462.770307
13519.601947
13529.296526
13519.850955
13544.005837
13538.498586
13537.262318
13538.220186
13524.659353
13507.756272
13484.602223
13459.861521
13418.427445
13386.542127
13439.519521
13434.039020
13454.391617
13424.338219
13481.373249
13485.915168
13466.621603
13473.022578
13386.973071
13409.869439
13463.399822
13453.866693
13484.371679
13487.039643
13492.333434
13465.981237
13495.519433
13511.007145
13523.465463
13519.389844
13514.467277
13531.377410
13536.155967
13532.018492
13494.781407
13495.693864
13491.043106
13492.033639
13480.973813
13485.234052
13483.781143
13471.985454
13459.920479
13457.959405
13458.864292
13548.345571
13614.526083
13635.583903
13639.727881
13637.236998
13632.853079
13629.987215
13607.142751
13585.822497
13600.451363
13547.686571
13563.721120
13573.315350
13573.350048
13579.274240
13571.183144
13602.879870
13600.795842
13584.842582
13576.536478
13560.095990
13562.309430
13556.624917
13581.295142
13599.321090
13602.768791
13591.672151
13567.172534
13550.561792
13565.535074
13556.221948
13564.963167
13550.834753
13563.156778
13574.388302
13551.005332
13527.382516
13551.353841
13561.771526
13605.724108
13579.914227
13589.027753
13582.003509
13588.594928
13617.252916
13612.589583
13601.583068
13590.548104
13575.962232
13555.371559
13542.568679
13526.907213
13555.863013
13587.172523
13598.704442
13611.981992
13593.646558
13588.471434
13592.077566
13609.558532
13599.476965
13603.900544
13590.196124
13592.503956
13587.757962
13597.535615
13587.878938
13590.499522
13593.032941
13583.019260
13589.541873
13580.587842
13578.679620
13553.949004
13555.605042
13535.523846
13539.369064
13499.586561
13428.853905
13421.095985
13352.654074
13309.690758
13354.448918
13375.776775
13369.678836
13410.980194
13435.312204
13393.133964
13395.712524
13377.715094
13399.327092
13398.703657
13396.676852
13418.285772
13405.155972
13412.430564
13415.698498
13409.822766
13412.881452
13403.167931
13395.458798
13413.607227
13393.202337
13348.522106
13457.768114
13438.592815
13391.784053
13419.950812
13440.925447
13458.282828
13456.862250
13484.239077
13463.784537
13480.045896
13470.359953
13461.671795
13468.719838
13476.812312
13474.860517
13477.384040
13478.699947
13478.040915
13473.696035
13467.329072
13450.643650
13450.580817
13462.989705
13452.906515
13471.941817
13454.185132
13455.626979
13464.571515
13490.573405
13488.503872
13493.945280
13494.394181
13453.876939
13464.971516
13470.097986
13486.536779
13496.470571
13489.050975
13486.348804
13530.483867
13525.963632
13521.386964
13541.651013
13536.414939
13533.705726
13525.328370
13543.765681
13542.483677
13527.538385
13514.911508
13526.960599
13525.359446
13447.369611
13429.896815
13415.829138
13449.671838
13463.485648
13489.192580
13489.528813
13520.493718
13485.283559
13489.223735
13498.232808
13487.399380
13501.874583
13485.967059
13502.894119
13508.220037
13497.410279
13512.401671
13516.237198
13544.423132
13538.867424
13531.058644
13546.114709
13561.209875
13570.253631
13565.017002
13429.571535
13465.232417
13412.065697
13405.505099
13382.034592
13385.917240
13441.623770
13430.761485
13469.046930
13467.604508
13454.606723
13440.334445
13445.303167
13458.018284
13459.239144
13460.615924
13453.701857
13466.954167
13452.333116
13459.356604
13471.099948
13478.738867
13498.724358
13486.611394
13506.653475
13526.623723
13328.715095
13243.002271
13284.336607
13320.004634
13369.782659
13365.934472
13240.303364
13282.002991
13315.975721
13355.683637
13366.812540
13343.653350
13379.112770
13390.693684
13402.183409
13420.647995
13449.106582
13408.822885
13425.223938
13396.707814
13399.210380
13388.269627
13388.416408
13395.327048
13383.304504
13408.547308
13464.870674
13431.669348
13432.799609
13395.847426
13404.720947
13415.380447
13400.751282
13368.063384
13376.956701
13347.409781
13303.752416
13272.338957
13310.776236
13297.251678
13328.844467
13354.047448
13346.872069
13315.692685
13332.202768
13350.058862
13346.927454
13330.812771
13355.617964
13357.024654
13364.377214
13337.383920
13163.778458
13151.362594
13215.558861
13278.860165
13257.276681
13285.200975
13280.762356
13273.002194
13284.684455
13296.595467
13279.764790
13346.708667
13326.107632
13346.380748
13353.423202
13332.220787
13343.384346
13283.219213
13308.415039
13257.738269
13234.038210
13232.240543
13220.287553
13239.120483
13186.392449
13177.931920
13343.065340
13421.156990
13386.672156
13432.231836
13402.662524
13386.432637
13384.105026
13397.867824
13379.269772
13365.979206
13381.388623
13397.446661
13394.683181
13393.079364
13382.578359
13359.637707
13415.430838
13414.083893
13411.673599
13381.300352
13391.125645
13389.466332
13391.724765
13362.195972
13349.409098
13353.104663
13245.805846
13269.614074
13305.782659
13320.589922
13350.713704
13295.150462
13310.706413
13263.012774
13218.202171
13215.504737
13200.512887
13145.208863
13069.033756
13019.858146
13040.536296
12982.983962
13063.574165
13064.488677
13068.958504
13084.325244
13036.110059
13064.823395
13109.146142
13129.332432
13113.659011
13084.188737
13194.139963
13118.264435
13085.504134
13097.479280
13099.784160
13097.451860
13044.987032
13087.482194
13123.588655
13183.530948
13192.517321
13187.546324
13192.880564
13164.053930
13181.793167
13196.741067
13204.261015
13184.745293
13200.408736
13204.429721
13215.460572
13225.015783
13209.394524
13190.084781
13171.509586
13174.190862
13318.975438
13300.498022
13349.403686
13384.317877
13386.693857
13355.991166
13373.614451
13411.760263
13402.151474
13402.136031
13423.284078
13413.377775
13373.037601
13381.800975
13406.245428
13413.446467
13402.079251
13393.960435
13382.942266
13401.921981
13392.738105
13413.466122
13417.903844
13397.200186
13395.017682
13392.526239
13375.363726
13450.432204
13477.304531
13441.546498
13418.992403
13439.597340
13465.927002
13472.351888
13467.329357
13482.681065
13494.661177
13480.778131
13498.211410
13526.017403
13544.146877
13532.867671
13533.757658
13541.002454
13538.588342
13539.850147
13536.130339
13530.841760
13538.205244
13526.721450
13525.886031
13533.902939
13512.931346
13594.097839
13630.048300
13665.734747
13665.601273
13645.042355
13654.611405
13672.053592
13671.997615
13689.200489
13692.695310
13718.794015
13718.709263
13730.739327
13731.730199
13747.229893
13772.776767
13781.496589
13771.267070
13760.007907
13763.498848
13780.717848
13785.109736
13778.676637
13759.742418
13788.568004
13795.179359
13978.331560
13986.099387
13996.477928
14021.309996
14069.200073
14066.272125
14036.361562
14040.989582
13999.929148
13989.688101
14001.606376
14016.979964
14031.635870
14045.195046
14014.067154
14011.758865
14007.098935
13985.443090
13990.991681
13982.253223
13991.818478
13975.377372
13955.794638
13955.391386
13956.634966
13951.286070
14106.235808
14158.792453
14185.995686
14190.755224
14191.732923
14176.967990
14200.836847
14192.079918
14177.029560
14215.422169
14225.024894
14237.781379
14235.099462
14224.548141
14218.609300
14217.206117
14227.755785
14217.144313
14216.258924
14217.680247
14227.977304
14235.193143
14229.842317
14249.163590
14247.040693
14250.325746
14254.793146
14255.820973
14280.291715
14285.239703
14275.640241
14247.082120
14226.428744
14223.967523
14223.180793
14212.806857
14228.857662
14252.166742
14252.365415
14257.497765
14247.803733
14238.760340
14231.408650
14225.239770
14234.333451
14233.948404
14238.446075
14238.495229
14234.185783
14223.993383
14238.195636
14220.517203
14270.293299
14270.808296
14259.172732
14116.663808
14135.727252
14140.964754
14175.912099
14190.353291
14168.097305
14163.671153
14128.679468
14120.100392
14128.013466
14152.925190
14156.366732
14155.927869
14155.366924
14140.928659
14144.553137
14138.878723
14160.336358
14155.472764
14166.683530
14152.414206
14127.652927
14123.539923
14195.111039
14202.425433
14182.998413
14197.594357
14164.886401
14164.499159
14156.384223
14140.750437
14158.284383
14144.009857
14143.068260
14105.199625
14113.781232
14104.254045
14133.737797
14163.052415
14162.019914
14159.640295
14143.903907
14152.210201
14164.682400
14176.092709
14191.724215
14206.296220
14211.899209
14211.058656
14201.267831
14215.530678
14227.916470
14199.076648
14216.184439
14250.563946
14238.628437
14255.867430
14255.624300
14258.291671
14246.746701
14225.282725
14220.042241
14230.838999
14234.197101
14229.009810
14233.701136
14227.949654
14210.731713
14208.672709
14207.290190
14221.640835
14215.269226
14224.219513
14263.477503
14285.797554
14325.663339
14259.968821
14245.103393
14218.883189
14244.852975
14200.296359
14189.409338
14193.239015
14182.986820
14151.215400
14143.052141
14175.232432
14191.636799
14189.588642
14202.231329
14198.858079
14203.581369
14198.793622
14200.798352
14201.758304
14218.890897
14198.881445
14201.873407
14194.362387
14199.726132
14193.456348
14057.923979
14105.861557
14078.634534
14063.445813
14018.082397
14022.619292
13969.310358
13903.756388
13926.691428
13923.552173
13925.740140
13922.708898
13942.438216
13946.530327
13953.778719
13974.191678
13989.907454
13979.895174
13983.577297
13975.370588
13968.258434
13961.727943
13970.838109
13961.024154
13973.088230
13973.654192
