ddpg
10000
10069.996149
10086.866961
10064.595272
10060.882079
10060.330823
10056.522065
10012.385322
9987.722328
9973.166075
9995.468138
10013.370094
10031.314848
10122.570539
10161.737991
10229.711437
10238.231092
10233.722920
10211.303484
10223.348925
10212.070052
10205.022278
10180.373137
10203.409029
10201.609127
10220.171394
10332.963144
10386.159121
10467.053624
10478.310504
10476.683469
10510.823394
10524.770250
10498.034581
10477.276750
10471.241968
10476.843107
10468.807867
10426.000574
10416.824847
10608.877079
10606.639418
10626.963525
10618.878556
10588.784339
10565.062174
10593.124975
10606.982430
10607.102330
10621.509331
10630.704692
10611.099768
10611.294415
10533.203034
10598.728960
10577.067235
10593.888354
10603.316486
10589.711232
10599.069111
10627.490843
10621.344160
10620.566297
10605.493885
10611.469810
10620.831510
10787.431842
10834.486486
10762.380517
10745.957327
10747.177408
10773.460031
10773.316489
10782.120386
10779.624777
10753.258482
10747.243961
10720.963992
10622.371985
10568.454807
10521.400783
10499.023665
10546.456812
10568.850256
10588.969773
10582.472305
10535.315467
10560.486965
10547.243197
10555.395516
10559.884758
10552.160780
10647.767201
10629.189577
10634.920819
10664.826792
10662.216858
10660.198142
10661.414996
10664.168990
10666.919483
10661.902877
10635.989996
10639.508868
10656.188497
10642.811090
10658.434955
10662.752311
10656.987970
10647.262438
10644.859972
10594.612167
10573.804145
10601.824011
10580.600972
10561.723083
10568.483802
10570.134307
10637.429223
10606.723824
10602.861540
10625.714134
10634.925924
10636.296693
10654.865979
10658.312058
10649.959499
10679.929173
10676.023627
10677.966788
10694.253555
10780.465060
10791.456461
10810.334386
10816.804280
10804.910942
10786.319991
10790.079301
10784.089999
10767.479249
10780.070604
10780.112390
10787.546431
10785.135073
10769.715076
10774.178986
10794.088330
10789.747142
10781.991379
10801.428372
10801.258542
10802.978110
10789.529144
10816.307108
10811.751464
10780.326410
10776.663011
10812.430663
10806.244583
10821.077599
10819.811769
10829.945935
10852.257300
10862.867869
10859.434069
10815.834817
10809.294271
10825.929523
10821.186285
10772.345966
10737.352000
10733.221457
10761.676317
10741.401007
10736.023405
10735.549751
10724.837145
10739.839340
10761.933599
10762.746915
10795.091863
10788.841762
10789.988517
10792.724631
10766.141148
10775.299128
10775.329919
10763.534159
10762.105313
10760.310838
10763.249817
10775.685226
10760.661839
10763.273082
10725.446504
10747.023483
10832.328230
10806.236879
10795.766082
10759.707478
10754.766961
10765.160988
10778.459834
10798.977705
10793.620800
10796.718003
10804.252988
10833.336791
10826.225207
10872.168366
10890.027479
10922.751315
10935.366879
10954.119144
10953.350683
10958.960943
10969.859956
10975.017406
10967.364514
10968.599266
10983.756434
10982.115591
10971.302294
10947.538164
10949.933932
10976.707333
10970.737898
10987.085604
10995.326156
10998.271358
10999.024476
10990.587359
10992.417081
11019.534656
11012.810774
11078.897544
11081.237788
11096.911919
11092.516099
11077.908730
11054.611489
11053.115484
11029.047531
11010.557861
10921.914113
10974.384442
10962.910995
10967.196749
10974.916588
10970.932300
10980.034161
10972.773821
10978.062770
10982.300253
10982.947238
11110.417166
11128.617529
11101.513188
11123.106406
11132.678749
11147.925586
11142.033032
11139.080929
11157.204625
11162.234969
11152.411078
11117.555936
11110.430070
11059.331756
11085.760831
11112.568926
11128.214824
11142.707512
11154.332719
11139.903414
11152.818190
11137.348552
11133.096994
11159.382714
11170.231844
11162.673571
11205.938719
11209.745856
11214.336312
11190.954550
11209.726597
11213.415015
11200.412165
11192.646131
11193.941304
11195.489456
11201.545955
11200.258861
11186.358686
11198.797822
11220.278128
11220.557012
11222.420427
11233.961687
11226.427950
11227.278492
11230.113199
11231.931050
11225.868068
11217.867962
11229.818232
11224.615469
11249.906801
11263.056859
11279.652663
11275.052111
11271.606336
11269.705845
11269.073469
11255.540492
11256.636815
11255.722809
11265.789887
11268.742943
11283.891810
11265.716994
11261.914458
11256.339786
11269.323866
11276.819141
11287.933557
11286.956600
11296.805506
11303.696425
11306.588089
11315.760136
11304.785495
11306.575767
11312.366319
11302.254896
11283.950518
11268.270800
11256.695472
11258.950280
11236.232228
11206.330189
11154.171850
11129.354991
11130.978259
11132.334617
11100.413354
11035.848745
11114.766973
11120.919216
11155.857350
11160.249327
11137.303069
11146.453999
11127.427975
11128.992150
11119.484383
11116.563224
11112.351613
11134.347494
11077.846379
11093.432074
11094.179325
11094.148116
11077.419547
11068.682505
11039.351422
11070.709979
11088.425359
11104.079761
11119.653099
11102.317817
11116.090705
11180.417020
11206.243227
11216.408101
11170.018373
11164.712547
11173.535251
11163.964795
11161.002970
11157.227644
11158.484514
11151.768552
11154.904517
11143.488166
11173.266961
11153.602823
11151.382380
11139.336796
11128.913467
11147.512263
11153.231969
11172.594741
11185.208182
11193.403297
11195.387860
11203.109684
11183.468384
11203.551713
11169.565582
11171.934307
11157.554777
11165.739405
11161.141537
11159.155538
11157.049293
11157.232860
11151.745267
11147.567280
11175.173067
11187.328622
11219.013492
11217.872195
11216.457061
11196.774067
11210.796344
11209.940205
11204.315584
11211.980633
11206.543240
11211.474047
11215.390454
11216.721718
11204.816731
11226.621305
11195.101767
11178.702796
11181.444966
11161.299218
11171.898052
11175.230677
11174.976055
11168.875761
11164.797696
11156.935054
11143.404319
11120.429548
11190.322460
11073.194975
11033.366675
11047.628086
11080.376582
11095.698394
11124.926129
11143.069457
11161.593069
11169.869305
11175.708769
11175.904111
11162.811344
11142.214841
11107.138639
11098.188475
11091.153172
11090.338749
11064.166217
11070.617504
11080.159986
11089.963320
11093.138089
11095.999470
11092.849947
11086.601681
11094.092873
11125.747744
11131.388920
11134.193801
11136.228997
11139.274454
11135.999019
11144.490292
11147.379831
11155.533915
11150.073753
11145.691596
11147.872899
11130.118678
11138.710113
11147.509084
11142.351090
11137.896066
11131.561120
11125.574784
11142.614933
11214.710128
11217.035544
11224.737207
11222.554273
11215.444320
11228.628733
11225.536279
11235.109548
11234.786085
11232.935108
11235.093916
11233.162738
11222.120250
11258.974829
11229.251265
11231.447245
11220.975677
11222.757331
11207.005543
11184.736661
11197.258489
11203.619218
11187.221440
11192.515172
11210.000196
11204.502305
11234.065949
11241.020160
11238.901121
11244.938519
11239.791874
11234.214489
11225.097215
11236.111826
11242.113886
11235.627995
11239.552678
11233.144367
11247.169178
11241.470065
11269.038951
11273.019308
11281.478344
11274.796661
11273.272989
11281.856872
11273.925208
11265.551175
11276.345854
11283.499482
11288.992206
11303.185044
11360.418177
11316.877229
11287.370546
11223.339154
11199.581934
11129.039514
11111.892348
11171.243358
11199.222493
11185.181134
11161.918433
11187.810195
11225.870546
11259.039994
11259.861159
11245.436994
11228.556708
11257.568644
11256.269867
11262.340123
11277.538833
11286.612343
11316.616128
11319.479366
11304.523702
11300.461059
11311.230934
11336.942299
11385.453387
11411.444877
11401.470568
11415.225453
11414.741734
11432.544060
11445.460288
11414.974760
11364.415562
11369.041127
11349.138909
11479.717828
11521.397538
11543.260559
11530.962345
11547.980058
11523.441433
11530.203012
11532.964963
11539.987268
11540.836324
11536.847570
11542.569661
11561.327414
11640.548368
11650.466911
11637.897943
11627.901915
11626.935329
11647.934289
11644.169720
11623.450902
11572.051436
11597.993977
11603.482764
11642.856670
11665.985917
11567.946367
11615.952912
11629.221618
11604.880686
11629.499623
11630.737004
11648.424532
11651.627262
11613.919679
11604.955297
11596.442585
11584.699532
11560.085199
11602.866449
11600.693020
11611.431095
11625.444424
11596.146229
11533.235365
11563.508985
11581.295121
11599.031103
11597.146761
11583.457427
11591.709382
11605.073542
11595.389251
11611.091659
11633.998744
11626.569318
11643.057731
11620.685077
11639.185968
11647.959122
11643.985478
11667.986199
11654.729813
11646.648737
11659.402148
11664.766536
11666.351196
11674.294838
11667.954085
11651.113004
11632.705810
11621.286359
11634.292548
11634.889071
11625.610727
11618.757263
11600.595755
11596.317761
11568.636600
11510.560350
11502.168106
11464.395344
11533.811305
11509.499195
11528.565064
11520.533295
11539.588263
11524.136635
11518.590825
11501.749537
11496.357086
11585.788835
11570.820642
11557.928519
11555.997340
11560.987467
11580.278452
11593.938061
11623.168676
11626.917799
11635.879323
11617.685022
11626.756662
11619.050601
11777.661396
11795.053121
11828.657694
11801.659564
11824.592758
11829.608474
11853.954349
11865.870939
11871.345620
11873.138800
11894.003825
11900.705406
11883.470811
11902.657679
11900.304064
11915.383598
11901.860304
11885.407505
11886.842518
11875.817970
11873.307249
11876.814490
11881.622756
11895.154854
11895.083569
11893.757537
11841.405020
11841.528810
11813.408343
11837.942557
11837.343792
11852.934144
11855.193676
11848.081474
11859.164436
11855.394291
11854.629463
11861.797924
11867.245898
11878.540904
11899.894388
11868.193715
11720.085072
11780.341729
11805.500675
11785.955477
11793.303789
11817.844015
11817.974679
11816.521107
11825.501794
11808.719116
11882.039335
11882.211065
11876.406394
11878.449984
11864.280005
11856.379618
11865.329271
11859.385889
11876.513919
11866.219464
11866.587133
11858.687033
11855.955436
11655.765413
11616.995552
11649.579570
11665.928038
11601.813712
11555.673167
11598.464215
11630.569095
11616.697020
11613.360234
11531.256463
11511.034682
11464.068951
11553.126497
11598.188246
11611.525702
11665.199254
11670.090762
11692.080372
11692.362250
11722.018550
11714.798821
11724.473165
11694.123518
11682.989917
11648.155214
11526.004847
11536.031582
11576.661016
11569.904627
11499.524064
11492.557665
11431.122382
11407.113933
11419.273189
11425.270789
11409.480203
11465.322273
11485.368203
11539.047116
11476.453303
11517.503718
11487.797800
11568.510492
11595.607614
11635.029835
11636.000860
11646.316613
11637.897422
11647.909730
11644.946977
11626.575230
11728.902099
11767.145336
11800.087115
11819.883977
11824.326076
11849.780801
11846.669243
11847.600674
11827.492798
11838.628154
11830.260710
11847.387678
11845.390269
11811.772298
11965.953291
11883.398078
11893.502292
11896.657462
11923.973472
11913.202704
11922.472071
11913.901324
11934.685274
11952.672406
11942.113153
11906.609916
11892.818458
11870.625533
11877.689143
11891.277927
11891.508075
11892.516306
11903.074524
11905.597476
11917.788224
11915.951149
11917.213931
11922.019920
11919.076596
11930.884087
11963.068366
11963.148097
11981.535908
11979.391176
11986.723618
12006.349117
12017.445590
12014.009816
11999.151711
12001.657007
11990.827927
11986.749663
11995.961385
12075.994218
12065.916551
12069.272425
12053.744542
12046.786836
12068.443350
12053.268048
12058.188264
12045.948457
12050.451078
12063.333370
12070.289179
12092.303979
12094.145614
12091.179000
12081.218618
12074.862848
12091.319963
12107.168305
12111.570116
12095.619375
12087.455400
12092.986004
12098.027491
12091.300337
12072.575043
12110.538302
11994.779409
12017.894488
12035.449588
12041.389586
12015.120708
12044.542365
12039.724292
12036.513307
12037.857608
12064.884212
12062.185060
12028.273437
12045.355502
12056.032040
12056.547042
12047.883920
12053.210502
12006.033165
12001.281295
12032.369466
12030.407480
12014.243054
12031.137284
12055.219078
12053.075668
12049.449015
12049.833657
12083.201695
12077.450405
12087.484237
12084.197718
12082.129393
12067.322479
12074.603506
12068.102887
12073.749987
12078.459644
12114.293266
12178.580976
12178.618250
12178.360519
12161.095818
12123.179772
12134.945804
12141.199506
12152.862675
12148.434704
12156.117146
12143.844502
12137.595372
12119.738836
12079.860038
12082.656791
12067.391418
12014.514838
12034.399685
12042.169375
12074.374996
12082.954042
12075.859551
12087.578459
12095.456696
12109.931103
12122.731639
