10005.050752
9983.474982
9994.795980
9990.676957
9989.017571
9996.553202
9999.816632
9997.595666
9999.635979
10006.337540
10011.880736
10016.565879
10049.280286
9953.824441
9962.232043
9947.958134
9945.558757
9960.460967
9970.796763
9969.294417
9966.321394
9948.509234
9943.105087
9956.864916
9945.895035
9937.345464
9886.772280
9895.725069
9915.911577
9920.748720
9927.965168
9926.482951
9932.742693
9938.997850
9936.975699
9950.036389
9946.977302
9945.849337
9958.186691
9938.032741
9943.313607
9956.459039
9952.531796
9917.283440
9924.370378
9925.137991
9929.052282
9934.213931
9942.246418
9946.848741
9958.409384
9948.932218
9990.347581
9968.521127
9969.835163
9984.999353
10037.575483
10055.284595
10061.295584
10056.462595
10059.869314
10068.042958
10072.754096
10089.464238
10044.480919
10071.735006
10072.892151
10078.150631
10070.311149
10071.960065
10067.619484
10064.507861
10062.097653
10075.948905
10077.045661
10084.509986
10078.335290
10087.403086
10086.757478
10090.000757
10091.523767
10093.645210
10076.492325
10055.204939
10074.077945
10084.905954
10084.403902
10073.728215
10066.040779
10051.590060
10049.111816
10079.019057
10077.911246
10101.263016
10113.448988
10117.603649
10126.308174
10117.814741
10115.359051
10111.831860
10111.556302
10116.801238
10118.555791
10137.480474
10173.298295
10184.632886
10186.532075
10199.696510
10195.782488
10200.516890
10204.589110
10214.354427
10188.332964
10161.797689
10178.580260
10168.455061
10153.792540
10173.151403
10185.845916
10189.690109
10188.155582
10205.044472
10183.806962
10173.761954
10166.935842
10162.921885
10163.632059
10166.936422
10147.824592
10145.367116
10192.452564
10197.309558
10215.242513
10212.177488
10228.746368
10220.890574
10226.713244
10230.228945
10241.723057
10240.611586
10241.654658
10249.526603
10262.115717
10303.545497
10299.592593
10302.993191
10273.594500
10274.720297
10282.850276
10278.561925
10291.314935
10292.344560
10294.109236
10292.752458
10287.570233
10298.782820
10281.248884
10259.279671
10263.783821
10269.050225
10282.047848
10291.016266
10293.743305
10277.925076
10249.011751
10255.064557
10245.822441
10258.557542
10239.004506
10302.031058
10305.375271
10329.462083
10293.502536
10313.045850
10300.463956
10301.841354
10314.029045
10308.372238
10304.659466
10300.563049
10284.347016
10285.122954
10196.568612
10224.747348
10230.309514
10199.756899
10198.960403
10220.376440
10218.614758
10223.729082
10246.516542
10254.350436
10258.288280
10262.014152
10262.309209
10270.928981
10263.086086
10231.874847
10247.425441
10215.544732
10196.730697
10197.133979
10181.730830
10165.194404
10151.545974
10134.092879
10176.833335
10161.224920
10033.976740
10032.257168
10025.423420
10011.912301
10032.401830
10043.111144
10056.929309
10051.835295
10055.290648
10044.871905
10046.659949
10030.452959
10035.831011
10067.572336
10108.868463
10142.083380
10128.110941
10131.573058
10140.060771
10132.361603
10122.717780
10117.700410
10130.018206
10146.597721
10123.284706
10120.875040
10157.890444
10093.950293
10126.584855
10132.476510
10125.587563
10128.868256
10124.547022
10118.609657
10121.588832
10127.557684
10124.237979
10107.668705
10096.023032
10084.610776
10101.976124
10050.757244
10056.700143
10095.334143
10092.185790
10080.015076
10090.492966
10092.479348
10095.672480
10105.114694
10148.431619
10180.751230
10132.153155
10084.823245
10059.105964
10032.736584
10012.464695
10025.967272
9978.416598
9990.988270
9981.844891
9999.237369
10007.030449
9987.141210
9955.684473
10073.159633
10084.882313
10093.404845
10078.344355
10034.946976
10028.312306
10055.182365
10059.795667
10058.446943
10044.048260
10056.603166
10072.807559
10075.993680
10214.914064
10234.792302
10253.283431
10242.817960
10258.488597
10253.003456
10248.575977
10246.552807
10230.729359
10233.587985
10228.785477
10223.212118
10215.558702
10298.239900
10349.113881
10342.529924
10337.091097
10339.817556
10352.495664
10347.482555
10340.578995
10354.742784
10366.178306
10357.414776
10385.130962
10366.922209
10457.782225
10478.333518
10468.305707
10479.043240
10501.212858
10492.517132
10508.407792
10517.369157
10505.462461
10512.638375
10510.992145
10505.429981
10492.297997
10447.463751
10436.450963
10459.090169
10473.171241
10485.589717
10484.497049
10478.048229
10474.229263
10474.515927
10442.714726
10446.331899
10455.594322
10458.267717
10441.248923
10460.403035
10482.746257
10476.501990
10480.088552
10469.888330
10462.249685
10456.282608
10464.118895
10462.677807
10481.001427
10497.669188
10512.761434
10565.110808
10562.932297
10576.490501
10559.261357
10545.683081
10541.610488
10544.639012
10538.487562
10531.211631
10521.948499
10518.497532
10509.399361
10511.062321
10567.585085
10563.295449
10546.503716
10537.196998
10546.611544
10537.400403
10542.358944
10539.928328
10539.527107
10546.556026
10544.579551
10550.574944
10548.414426
10487.523425
10453.788975
10445.766627
10459.285766
10455.933412
10452.113673
10469.431345
10464.837285
10466.152442
10467.349425
10431.729460
10454.830847
10420.557904
10357.662924
10328.163178
10326.887308
10323.025765
10318.146669
10315.602500
10307.596370
10291.386450
10282.872119
10283.852323
10295.975351
10302.709385
10301.167333
10323.295340
