ddpg
10000
10009.372443
10018.852940
10000.067140
10024.255890
10024.903596
10026.316083
9982.710860
9959.582941
9957.312027
10008.184417
10037.311491
10049.190756
10170.566016
10228.062204
10247.272649
10263.901137
10253.622004
10251.969153
10242.466674
10219.388106
10230.209216
10212.083323
10224.375245
10229.709358
10244.311531
10252.962874
10284.628232
10345.114881
10371.332009
10363.757775
10377.561686
10393.396395
10367.548905
10353.392116
10327.911624
10324.467558
10304.404495
10261.896713
10242.479590
10415.072068
10491.192461
10489.379694
10476.697939
10456.594394
10432.623029
10469.205777
10458.390973
10470.338450
10465.922640
10472.414016
10450.024483
10438.821919
10505.019709
10531.120999
10520.902620
10527.136224
10542.964017
10515.270457
10517.322245
10535.469537
10530.620287
10529.430775
10502.081435
10498.071638
10501.779497
11112.886281
11046.916075
10994.497151
10971.026666
10989.683265
11059.906519
11086.494465
11143.488191
11144.823424
11129.484548
11161.936228
11155.473374
11030.791105
11093.389723
11139.381213
11109.020756
11148.465824
11162.373899
11194.112675
11199.908461
11154.408360
11194.896449
11193.948938
11200.080325
11212.791950
11199.758279
11173.772825
11127.374435
11161.726420
11169.387852
11171.211383
11159.466604
11178.888050
11176.979716
11173.583935
11156.669840
11122.563225
11122.405190
11147.285521
11074.973601
11117.360056
11128.600273
11139.061322
11138.337293
11134.987678
11055.895706
11012.019280
11047.607449
11019.496630
10992.950088
11007.989405
11033.500303
11238.999383
11259.003794
11277.968768
11285.343263
11312.056436
11307.072212
11326.469088
11323.973808
11349.575926
11364.663043
11358.001237
11360.948443
11395.437575
11609.857350
11640.599075
11657.773785
11684.434040
11682.353923
11679.435438
11671.060376
11677.466651
11631.577903
11663.896721
11685.514694
11689.528568
11709.832056
11450.162526
11478.540157
11488.626708
11511.940543
11505.964346
11531.494102
11514.839346
11507.319181
11503.008074
11539.144438
11539.855524
11522.674759
11519.806052
11592.502574
11555.614361
11570.526764
11578.295228
11586.705713
11601.491418
11577.687757
11566.864770
11532.808417
11512.995507
11503.524752
11479.249613
11414.024086
11387.048288
11363.229955
11368.549706
11319.485522
11316.920374
11307.091320
11321.115718
11354.422227
11369.976263
11371.740477
11426.405858
11406.546495
11426.199586
11466.286216
11423.825597
11416.929700
11418.832978
11418.006041
11404.777595
11399.996115
11418.237104
11422.466552
11419.120327
11406.523711
11388.375054
11435.360615
11569.425658
11589.547553
11575.065772
11548.700270
11540.380657
11533.367555
11547.840184
11566.237067
11553.820605
11574.145624
11590.250936
11641.730599
11643.238713
11898.155902
11937.923143
11931.588752
11933.422670
11949.681575
11980.187899
11983.670672
11991.950827
11977.985588
11957.257879
11952.908128
11973.728743
11972.382085
11912.097676
11874.721370
11889.051797
11906.829643
11908.975663
11935.006176
11940.880087
11946.390771
11959.658848
11943.330521
11945.145442
11970.666844
11960.296748
12009.923066
11986.474648
11980.710314
11968.162741
11966.248075
11953.010904
11946.682245
11874.570665
11860.215697
11793.351422
11861.979578
11830.603623
11834.779945
11847.982332
11839.380907
11840.652277
11830.072024
11821.782957
11825.270547
11824.860230
11981.321735
11989.506097
11990.290385
12008.976127
11974.067446
11949.250719
11954.937970
11960.135870
11959.358191
11961.274585
11955.973480
11906.903790
11894.852653
11911.190246
11934.218263
11961.023758
12000.158877
12018.968419
12010.751864
12029.659099
12039.868592
12030.047873
12010.979781
12046.263789
12057.983177
12072.730666
12118.373728
12145.522887
12215.551350
12209.553202
12224.874768
12233.506189
12242.421552
12234.058921
12235.712421
12246.241811
12263.301979
12262.720130
12221.265100
12348.753264
12359.778247
12384.568389
12377.058857
12396.645760
12414.245648
12403.781806
12412.052364
12424.195254
12431.786158
12414.715025
12437.901957
12426.188850
12332.960849
12324.363075
12385.073263
12394.358087
12401.265624
12404.958571
12385.943538
12380.878677
12389.676052
12360.335665
12332.685540
12316.910004
12352.061162
12335.761130
12326.234072
12351.210078
12378.955758
12380.849253
12348.446664
12365.704267
12368.339760
12371.970056
12368.163993
12373.753591
12359.181317
12365.274522
12454.164602
12473.996736
12456.925835
12394.616816
12418.933522
12462.531224
12476.488171
12451.452746
12379.940724
12370.947635
12399.995537
12431.442709
12428.010218
12342.668723
12421.116839
12421.097899
12436.152056
12419.560589
12407.363061
12433.693194
12398.970687
12410.568245
12386.785354
12373.029713
12383.817830
12398.942297
12311.221831
12319.693091
12336.567723
12310.971623
12263.641210
12255.786799
12222.366950
12270.709935
12291.415270
12303.338304
12323.649680
12312.413268
12333.489919
12421.622957
12352.202528
12343.403204
12273.986369
12257.854509
12258.959892
12259.682600
12258.046180
12236.196901
12226.773559
12203.012561
12213.703127
12176.520808
12268.460232
12216.741880
12171.487092
12186.645287
12222.837759
12250.346563
12271.294651
12302.899665
12316.687965
12330.224794
12330.575780
12320.315087
12296.653729
12286.980640
12254.365186
12258.702156
12214.410964
12256.636996
12235.591066
12223.338477
12225.809211
12225.158554
12208.549833
12216.406232
12260.660219
12269.751985
12313.378634
12294.218234
12291.295010
12270.250173
12265.707847
12276.753769
12273.198711
12271.259749
12292.398942
12296.003256
12296.669654
12313.624392
12297.545102
12313.737683
12317.214089
12307.334501
12311.796945
12284.198640
12305.805414
12316.984820
12312.846683
12305.980889
12293.280648
12285.099710
12247.446558
12240.777092
12291.992676
12134.874495
12086.345233
12136.804448
12132.411505
12136.661888
12183.949213
12208.103091
12213.342229
12230.732737
12251.413330
12235.265748
12238.095234
12211.565908
12091.996648
12119.494883
12105.199278
12104.048962
12090.459577
12098.792049
12120.567300
12122.667821
12113.724536
12087.212638
12091.603227
12061.269265
12043.976628
12184.449182
12162.754800
12184.366290
12212.687347
12197.688501
12182.897500
12207.893687
12206.200433
12208.012796
12196.995155
12198.092436
12205.058212
12189.888421
12144.811387
12145.715090
12125.409842
12125.348284
12114.867277
12124.812156
12141.723452
12246.787909
12268.692516
12245.681067
12206.147628
12175.242560
12174.828964
12175.142602
12162.619441
12158.283752
12173.904051
12178.810929
12183.781139
12174.713486
12226.754928
12220.079634
12197.090957
12206.229231
12228.859947
12202.665688
12147.914176
12147.014745
12148.522972
12134.670668
12147.829690
12176.046711
12169.040354
12313.180963
12317.167694
12359.314769
12360.520714
12367.870083
12338.312501
12338.125541
12335.131135
12336.712467
12306.232128
12313.883797
12299.848898
12325.001413
12256.401197
12285.036525
12283.637877
12291.061225
12296.901075
12288.727766
12295.907127
12295.826415
12296.431455
12331.880339
12352.667495
12381.023766
12381.569212
12448.426275
12369.113216
12315.105050
12276.323372
12255.133723
12186.646065
12182.676203
12288.766777
12307.395691
12287.427136
12262.835078
12290.052141
12354.277494
12400.476193
12351.441524
12326.665662
12357.000265
12402.692216
12424.763630
12456.178322
12476.569821
12491.079625
12553.105446
12539.064778
12522.791126
12531.350453
12724.305515
12837.402884
12879.796021
12925.007073
12888.794247
12897.723805
12943.091224
12971.477996
12943.098043
12896.910820
12850.522137
12875.301937
12870.239266
13000.268386
13089.163078
13105.842842
13077.715240
13050.803323
13037.228140
13054.152320
13076.159434
13043.935789
13049.312207
13038.035800
13052.113208
13078.056667
13079.732695
13116.069134
13135.026442
13147.678991
13159.616119
13165.923178
13148.728650
13115.817474
13043.811406
13093.645778
13084.657190
13132.064914
13143.021329
13035.993313
13083.199702
13092.620234
13082.536443
13138.965746
13180.631606
13195.979831
13202.010561
13190.006731
13200.464039
13197.570187
13203.927131
13180.861513
13193.016961
13236.032957
13267.902206
13305.172389
13209.216438
13167.568980
13196.895516
13189.595281
13209.749734
13249.839169
13250.030120
13289.386652
13287.022887
13271.652202
13237.926969
13227.412349
13197.902975
13188.363093
13168.568201
13195.133808
13218.763457
13227.253458
13249.963642
13215.691994
13204.423772
13204.990288
13241.858826
13273.163761
13271.130341
13279.584104
13284.624457
13313.936287
13348.246546
13357.901931
13368.661668
13367.383865
13371.699227
13354.281037
13304.541860
13139.261743
13060.224952
13051.298079
13076.953878
13167.272182
13144.027275
13189.631625
13180.432998
13175.565041
13155.781569
13159.306702
13156.416662
13128.275988
13214.179845
13167.857790
13246.887363
13237.870568
13233.988814
13217.481560
13193.893252
13220.014119
13238.842893
13227.164260
13213.079655
13207.486831
13219.447965
13210.577257
13242.180329
13219.267220
13155.546108
13182.161320
13191.743486
13162.901681
13150.713551
13182.925517
13154.430847
13170.230923
13167.278048
13165.357198
13056.712123
12991.520769
13053.841743
13040.188577
13022.949329
13005.605082
12991.147329
12979.311643
12976.992371
12994.986677
13007.558923
13005.465357
12972.888926
12850.178544
12890.873398
12882.472152
12935.263592
12960.422616
12977.284901
12987.942514
12991.717340
13009.248504
13018.402550
13021.713103
13018.677732
13031.303349
12931.645149
12923.194700
12916.386989
12755.966698
12794.909732
12791.470100
12761.171388
12787.238307
12830.570113
12825.476996
12817.645047
12843.637045
12818.112243
13171.198025
13036.414518
12962.430323
12927.361192
12884.238413
12838.446402
12843.725866
12870.302706
12917.492995
12951.766529
12939.373944
12916.147275
12909.805286
12775.242929
12648.084807
12739.646609
12729.189692
12682.246100
12673.320771
12680.755219
12697.279917
12707.773765
12713.134675
12654.291871
12639.265046
12631.328773
12901.473315
12997.767632
12992.212097
12974.824512
12969.949881
13020.294182
13019.201772
13010.844957
13020.655810
13038.842185
13021.955020
13050.923412
13013.245801
12882.803886
12881.206741
12900.217850
12828.428327
12736.601240
12759.546543
12646.139117
12639.682159
12643.531765
12656.469185
12605.739889
12650.843002
12680.965617
12811.749090
12696.828139
12708.112601
12650.478109
12734.629133
12756.365108
12728.907910
12762.324722
12758.095101
12762.392723
12789.583616
12802.836781
12782.558404
12824.313011
12810.170204
12819.250502
12837.136531
12877.400407
12903.973149
12872.533660
12898.668632
12879.556937
12891.591187
12921.439822
12945.063528
12942.797122
12903.310570
12951.060892
12913.628890
12958.838474
12963.223662
13000.690695
12992.751854
12992.327713
12998.522436
13034.501602
13038.816239
13036.975693
13006.414886
13020.071388
13142.635419
13123.073639
13147.605467
13170.481837
13162.154783
13182.704078
13187.490417
13209.134131
13218.330705
13223.255728
13228.669651
13217.636560
13228.327623
13380.486351
13368.075051
13429.510748
13428.122178
13416.188536
13406.901370
13413.380288
13399.459776
13400.495553
13416.310367
13434.448358
13425.902307
13429.070886
13559.255824
13534.350049
13536.492975
13551.851404
13534.360639
13544.456133
13531.397467
13540.413457
13521.987877
13540.435979
13573.110678
13582.626208
13604.650211
13530.744520
13524.450187
13546.666051
13557.235130
13559.601831
13581.226564
13594.944827
13596.658319
13596.079627
13601.152678
13590.472356
13605.897288
13618.758334
13618.488069
13430.005907
13465.102625
13515.530110
13502.369098
13469.031722
13505.436993
13499.013334
13469.382130
13468.090387
13507.940347
13521.897703
13520.829378
13518.305363
13545.743310
13525.977408
13488.151182
13512.482694
13419.283381
13403.900898
13472.528447
13455.676604
13432.860618
13451.571566
13488.522307
13495.653197
13544.572202
13560.047026
13577.961634
13573.892604
13577.628412
13600.773998
13593.784957
13568.354364
13552.915785
13545.089912
13544.065552
13552.682054
13586.002086
13653.183538
13629.427207
13633.531882
13629.966635
13594.846517
13571.162287
13589.118267
13584.006699
13587.841484
13588.746080
13598.288550
13611.063463
13598.561822
13662.534217
13717.643518
13710.503240
13653.268738
13685.960978
13731.120377
13738.719456
13727.891078
13710.189644
13736.692123
13755.942788
13742.334382
13760.763626
