ddpg
2201.890400
1258.345000
721.546200
1383.313400
1155.129300
1088.611500
1359.153600
894.560700
1188.739800
1190.728500
1368.659700
1356.110100
1430.792300
1533.889200
973.817300
1436.890400
1500.136700
1169.790600
1353.347800
1045.749700
1402.912100
1076.300900
1484.944100
1465.139700
728.738700
1193.124300
1241.977430
1166.415000
1204.006200
1569.273700
1500.136700
1510.970300
1500.136700
1522.604800
1475.326000
1209.932200
1445.478100
1492.553100
1144.584600
1500.136700
1399.876500
1472.967800
1448.888300
1140.013300
1376.298600
1500.136700
1090.254000
1436.551600
1500.136700
1516.510300
1500.136700
996.677300
1407.787200
1500.792000
1406.405500
1208.242300
1389.919100
1569.969800
1095.134900
1500.136700
1500.248800
1057.631800
1549.659500
1222.233700
1583.381500
1500.136700
1218.297200
1072.314000
1500.136700
1357.702600
1478.935500
1448.881200
1526.846000
1411.807600
3402.791051
1505.146400
1725.305300
1446.973500
1532.378600
1105.609300
1447.500300
1404.573008
1500.136700
1500.136700
1262.637400
1500.136700
1500.136700
1500.136700
1500.136700
1427.550300
1500.136700
1768.298200
1522.604800
1425.265790
1508.821300
1147.890895
1349.137000
1116.333200
1310.779600
1449.780000
1500.136700
1627.800400
1386.750600
2262.867500
1500.136700
1172.616800
1500.136700
1500.136700
1486.480700
1341.662900
1476.567900
1710.868100
1092.569600
1446.064400
1500.136700
1143.978300
1500.136700
1526.846000
1462.307500
1498.574700
1581.509100
1474.454100
1406.405500
1470.415100
1079.629895
1500.136700
1448.475500
1346.147100
2385.574700
1329.224388
1500.136700
982.766900
1500.136700
1196.270500
1543.786100
1568.985700
1487.061200
1409.454800
1507.406500
1379.471400
1547.469900
