ppo
111.820506
175.253622
258.897003
1053.918720
112.666302
655.665883
180.360338
1228.177310
987.247792
967.754590
457.462331
-312.788630
432.066651
1254.241663
1458.862880
-346.795033
29.222561
431.584857
895.745559
1093.502919
-434.331384
-692.967380
363.180152
1097.665748
967.211476
1246.412932
1609.306512
336.918938
-12.898037
353.285993
-520.342241
1019.728061
1213.212003
1434.290757
268.747697
2081.756409
251.539418
958.808593
1240.854842
686.479468
76.063884
2204.308961
1012.036415
380.006092
-235.904403
1449.756906
-109.674860
647.513438
540.469658
666.363347
426.371005
1049.389473
2451.861317
-918.053669
60.445251
480.076207
269.475051
684.988647
483.914010
887.638182
-1993.945289
1393.394017
395.547327
481.067025
-984.828716
-1245.525228
-789.852106
-121.650020
-1344.156794
-598.372159
-1191.872212
-240.737098
289.495848
1109.897567
2392.044471
2788.603862
1572.308849
3337.232195
1540.913459
4137.224753
4674.953675
6430.283422
5713.276305
7434.121336
5845.953658
13794.598268
6837.298485
13015.660852
9216.723581
23980.746495
8561.267250
23172.002473
13171.503170
12638.602100
7490.415627
10753.450974
11864.080200
6109.236444
12117.240757
19750.946948
10300.596332
15019.103683
22364.015037
22698.928231
19509.498709
7003.468778
11768.611511
11692.618766
24449.916694
11798.417862
7779.391305
7898.953907
4483.058486
8647.942254
7835.182033
9682.883747
7868.479893
8268.654367
10963.774158
9051.911387
8358.618571
5362.529878
5282.263450
2480.636361
3797.040705
4191.531155
2201.885936
2318.908316
2440.982785
4966.443530
3195.138667
2371.679652
2243.739660
3073.944551
5034.665788
5173.215352
750.955724
652.490760
3595.967949
374.179351
2188.327267
