ddpg
-301.508766
66.536397
635.715819
-58.251797
-133.129585
-615.945180
-1171.525374
-586.933858
-888.255524
-1243.363488
-1269.722428
-1237.075720
-1237.481848
-1439.148498
-1144.553676
-1207.747330
-1210.656093
-949.040783
-1013.119014
-960.884572
-952.386856
-876.950852
-872.265356
-694.458669
-747.881651
-767.449705
-729.830184
-863.274297
-833.325205
-807.478099
-761.623598
-628.739508
-659.369901
-597.882680
-582.136650
-754.876891
-860.060187
-694.662172
-818.134041
-971.263202
-993.137834
-1019.990921
-743.259379
-1094.425183
-1110.416457
-1096.932921
-1057.505657
-1090.226548
-1064.567590
-992.669656
-967.033942
-933.544262
-868.206791
-566.616023
-677.245733
-747.643427
-746.693561
69.692983
-767.226401
-521.364477
-645.008511
-740.520320
-387.207983
-865.466469
-789.746906
-347.433210
-305.678678
-679.946492
-688.271301
-568.793544
-607.630875
-648.360556
-486.605970
-569.077198
-587.824353
-416.182415
-519.521792
-605.540681
-830.545828
-132.242649
-477.778874
-212.973782
-780.739999
-370.647374
-636.722531
-660.223496
-675.828992
-591.626719
-548.079631
-770.927974
-668.986569
-549.238031
-750.596383
-959.915616
-617.431167
-772.177152
-630.964329
-927.028713
-847.263992
-911.002348
-1289.625610
-1180.488470
-949.960916
-1167.372091
-1242.950751
-1417.206480
-885.892665
-868.564095
-849.976366
-931.149441
-894.252865
-849.663636
-597.988819
-754.296635
-559.418862
-835.738056
-763.478846
-580.603937
-332.245368
-241.649645
-110.459236
-147.626681
-737.407382
-340.117232
-186.079163
-63.824041
-3.872659
-143.662255
-66.743096
-514.295798
-108.323877
-209.563081
-123.243921
5.255026
25.724747
-8.694844
198.507521
134.131331
76.547731
-9.324339
-214.217987
