ppo
79.701034
164.299514
756.994738
-605.031013
569.488279
-613.238670
36.292257
1125.849784
491.032520
632.045350
55.431562
-88.468061
657.945149
910.938673
891.957769
447.089831
1358.302468
405.835478
352.687092
853.212525
341.144246
1043.441076
748.351339
918.118794
-563.425629
303.252483
-286.931424
851.719634
666.887446
499.841519
549.931721
62.019822
-19.075616
249.143207
-42.815096
1117.521326
174.521415
-69.604314
-121.212472
-263.915870
-144.927382
679.264862
-141.529608
1440.169799
-317.497881
-92.131621
343.976421
-30.182211
-371.150713
-520.392035
-285.939866
-113.322779
509.172936
-864.250831
-1090.211042
265.722857
759.273450
-21.803742
6.671390
48.000877
25.878906
1100.754928
1031.761632
-213.739588
1365.088332
-782.988525
321.303930
228.785923
-110.008705
203.281585
35.763274
328.198604
322.584468
-122.758972
-21.807529
-520.997622
559.424621
-444.558557
-29.247149
-72.583476
-889.362551
2.050035
-901.978276
-1414.974692
14.215754
-97.213764
-467.162369
212.046416
803.972034
-793.726534
198.193798
-983.589550
-548.568051
-919.059520
-289.752399
27.271827
186.219923
-231.915913
-566.786433
-607.551634
985.287139
172.376461
-181.116395
-300.904613
-391.135859
-719.766724
-459.994930
174.418189
-847.277944
-617.439093
17.474645
-448.605863
-868.945712
-315.812821
-295.735384
-647.107310
161.330879
762.902568
552.397421
-982.202973
-1002.923597
-48.344111
-125.748076
-7.031267
289.961915
248.663202
632.292802
-71.442715
266.316152
-24.770289
314.799996
45.506513
-237.787070
-765.558658
-511.461729
-576.103442
-380.487298
6.324121
-143.471694
-469.434608
155.533143
